Copyright 1986-2019 Xilinx, Inc. All Rights Reserved.
----------------------------------------------------------------------------------------------------------------------------------------------------------------------------
| Tool Version     : Vivado v.2019.2 (win64) Build 2708876 Wed Nov  6 21:40:23 MST 2019
| Date             : Fri Nov 15 16:44:05 2019
| Host             : BZ-ECE-CB539-02 running 64-bit major release  (build 9200)
| Command          : report_power -file microblaze_wrapper_power_routed.rpt -pb microblaze_wrapper_power_summary_routed.pb -rpx microblaze_wrapper_power_routed.rpx
| Design           : microblaze_wrapper
| Device           : xc7a35tcpg236-1
| Design State     : routed
| Grade            : commercial
| Process          : typical
| Characterization : Production
----------------------------------------------------------------------------------------------------------------------------------------------------------------------------

Power Report

Table of Contents
-----------------
1. Summary
1.1 On-Chip Components
1.2 Power Supply Summary
1.3 Confidence Level
2. Settings
2.1 Environment
2.2 Clock Constraints
3. Detailed Reports
3.1 By Hierarchy

1. Summary
----------

+--------------------------+--------------+
| Total On-Chip Power (W)  | 0.337        |
| Design Power Budget (W)  | Unspecified* |
| Power Budget Margin (W)  | NA           |
| Dynamic (W)              | 0.263        |
| Device Static (W)        | 0.074        |
| Effective TJA (C/W)      | 5.0          |
| Max Ambient (C)          | 83.3         |
| Junction Temperature (C) | 26.7         |
| Confidence Level         | Low          |
| Setting File             | ---          |
| Simulation Activity File | ---          |
| Design Nets Matched      | NA           |
+--------------------------+--------------+
* Specify Design Power Budget using, set_operating_conditions -design_power_budget <value in Watts>


1.1 On-Chip Components
----------------------

+--------------------------+-----------+----------+-----------+-----------------+
| On-Chip                  | Power (W) | Used     | Available | Utilization (%) |
+--------------------------+-----------+----------+-----------+-----------------+
| Clocks                   |     0.032 |        8 |       --- |             --- |
| Slice Logic              |     0.016 |    16084 |       --- |             --- |
|   LUT as Logic           |     0.015 |     5951 |     20800 |           28.61 |
|   Register               |    <0.001 |     6477 |     41600 |           15.57 |
|   CARRY4                 |    <0.001 |      280 |      8150 |            3.44 |
|   LUT as Distributed RAM |    <0.001 |      172 |      9600 |            1.79 |
|   LUT as Shift Register  |    <0.001 |      290 |      9600 |            3.02 |
|   F7/F8 Muxes            |    <0.001 |      153 |     32600 |            0.47 |
|   Others                 |    <0.001 |     1383 |       --- |             --- |
| Signals                  |     0.031 |    11656 |       --- |             --- |
| Block RAM                |     0.072 |     35.5 |        50 |           71.00 |
| MMCM                     |     0.106 |        1 |         5 |           20.00 |
| DSPs                     |     0.004 |        6 |        90 |            6.67 |
| I/O                      |     0.001 |       37 |       106 |           34.91 |
| Static Power             |     0.074 |          |           |                 |
| Total                    |     0.337 |          |           |                 |
+--------------------------+-----------+----------+-----------+-----------------+


1.2 Power Supply Summary
------------------------

+-----------+-------------+-----------+-------------+------------+
| Source    | Voltage (V) | Total (A) | Dynamic (A) | Static (A) |
+-----------+-------------+-----------+-------------+------------+
| Vccint    |       1.000 |     0.162 |       0.151 |      0.011 |
| Vccaux    |       1.800 |     0.071 |       0.059 |      0.013 |
| Vcco33    |       3.300 |     0.001 |       0.000 |      0.001 |
| Vcco25    |       2.500 |     0.000 |       0.000 |      0.000 |
| Vcco18    |       1.800 |     0.000 |       0.000 |      0.000 |
| Vcco15    |       1.500 |     0.000 |       0.000 |      0.000 |
| Vcco135   |       1.350 |     0.000 |       0.000 |      0.000 |
| Vcco12    |       1.200 |     0.000 |       0.000 |      0.000 |
| Vccaux_io |       1.800 |     0.000 |       0.000 |      0.000 |
| Vccbram   |       1.000 |     0.006 |       0.005 |      0.001 |
| MGTAVcc   |       1.000 |     0.000 |       0.000 |      0.000 |
| MGTAVtt   |       1.200 |     0.000 |       0.000 |      0.000 |
| Vccadc    |       1.800 |     0.020 |       0.000 |      0.020 |
+-----------+-------------+-----------+-------------+------------+


1.3 Confidence Level
--------------------

+-----------------------------+------------+--------------------------------------------------------+------------------------------------------------------------------------------------------------------------+
| User Input Data             | Confidence | Details                                                | Action                                                                                                     |
+-----------------------------+------------+--------------------------------------------------------+------------------------------------------------------------------------------------------------------------+
| Design implementation state | High       | Design is routed                                       |                                                                                                            |
| Clock nodes activity        | High       | User specified more than 95% of clocks                 |                                                                                                            |
| I/O nodes activity          | Low        | More than 75% of inputs are missing user specification | Provide missing input activity with simulation results or by editing the "By Resource Type -> I/Os" view   |
| Internal nodes activity     | Medium     | User specified less than 25% of internal nodes         | Provide missing internal nodes activity with simulation results or by editing the "By Resource Type" views |
| Device models               | High       | Device models are Production                           |                                                                                                            |
|                             |            |                                                        |                                                                                                            |
| Overall confidence level    | Low        |                                                        |                                                                                                            |
+-----------------------------+------------+--------------------------------------------------------+------------------------------------------------------------------------------------------------------------+


2. Settings
-----------

2.1 Environment
---------------

+-----------------------+--------------------------+
| Ambient Temp (C)      | 25.0                     |
| ThetaJA (C/W)         | 5.0                      |
| Airflow (LFM)         | 250                      |
| Heat Sink             | medium (Medium Profile)  |
| ThetaSA (C/W)         | 4.6                      |
| Board Selection       | medium (10"x10")         |
| # of Board Layers     | 12to15 (12 to 15 Layers) |
| Board Temperature (C) | 25.0                     |
+-----------------------+--------------------------+


2.2 Clock Constraints
---------------------

+--------------------------------------------------------------+-------------------------------------------------------------+-----------------+
| Clock                                                        | Domain                                                      | Constraint (ns) |
+--------------------------------------------------------------+-------------------------------------------------------------+-----------------+
| clk_out1_microblaze_clk_wiz_0_0                              | microblaze_i/clk_wiz_0/inst/clk_out1_microblaze_clk_wiz_0_0 |             6.0 |
| clk_out2_microblaze_clk_wiz_0_0                              | microblaze_i/clk_wiz_0/inst/clk_out2_microblaze_clk_wiz_0_0 |            10.0 |
| clkfbout_microblaze_clk_wiz_0_0                              | microblaze_i/clk_wiz_0/inst/clkfbout_microblaze_clk_wiz_0_0 |            10.0 |
| microblaze_i/mdm_1/U0/Use_E2.BSCAN_I/Use_E2.BSCANE2_I/DRCK   | microblaze_i/mdm_1/U0/Use_E2.BSCAN_I/DRCK                   |            33.3 |
| microblaze_i/mdm_1/U0/Use_E2.BSCAN_I/Use_E2.BSCANE2_I/UPDATE | microblaze_i/mdm_1/U0/Use_E2.BSCAN_I/Ext_JTAG_UPDATE        |            33.3 |
| sys_clock                                                    | sys_clock                                                   |            10.0 |
+--------------------------------------------------------------+-------------------------------------------------------------+-----------------+


3. Detailed Reports
-------------------

3.1 By Hierarchy
----------------

+-------------------------------+-----------+
| Name                          | Power (W) |
+-------------------------------+-----------+
| microblaze_wrapper            |     0.263 |
|   microblaze_i                |     0.262 |
|     PmodSD_0                  |     0.005 |
|       inst                    |     0.005 |
|     axi_quad_spi_0            |     0.008 |
|       U0                      |     0.008 |
|     axi_timer_0               |     0.004 |
|       U0                      |     0.004 |
|     clk_wiz_0                 |     0.107 |
|       inst                    |     0.107 |
|     microblaze_0              |     0.121 |
|       U0                      |     0.121 |
|     microblaze_0_axi_intc     |     0.001 |
|       U0                      |     0.001 |
|     microblaze_0_axi_periph   |     0.007 |
|       s01_couplers            |     0.003 |
|       s02_couplers            |     0.002 |
|       xbar                    |     0.002 |
|     microblaze_0_local_memory |     0.006 |
|       lmb_bram                |     0.006 |
+-------------------------------+-----------+


