#-----------------------------------------------------------
# Webtalk v2019.2 (64-bit)
# SW Build 2708876 on Wed Nov  6 21:39:14 MST 2019
# 
# Start of session at: Tue Nov 26 11:09:09 2019
# Process ID: 4545
# Current directory: /home/teamradpc/Projects/CSCI460_Final/vitis_workspace/webtalk
# Command line: wbtcv -mode batch -source vitis_webtalk.tcl
# Log file: /home/teamradpc/Projects/CSCI460_Final/vitis_workspace/webtalk/webtalk.log
# Journal file: /home/teamradpc/Projects/CSCI460_Final/vitis_workspace/webtalk/webtalk.jou
#-----------------------------------------------------------
source vitis_webtalk.tcl
# webtalk_init -webtalk_dir /home/teamradpc/Projects/CSCI460_Final/vitis_workspace/webtalk
# webtalk_register_client -client project
# webtalk_add_data -client project -key date_generated -value "2019-11-26 11:09:07" -context "software_version_and_target_device"
# webtalk_add_data -client project -key product_version -value "Vitis v2019.2" -context "software_version_and_target_device"
# webtalk_add_data -client project -key build_version -value "2019.2" -context "software_version_and_target_device"
# webtalk_add_data -client project -key os_platform -value "amd64" -context "software_version_and_target_device"
# webtalk_add_data -client project -key registration_id -value "NA" -context "software_version_and_target_device"
# webtalk_add_data -client project -key tool_flow -value "Vitis" -context "software_version_and_target_device"
# webtalk_add_data -client project -key beta -value "false" -context "software_version_and_target_device"
# webtalk_add_data -client project -key route_design -value "NA" -context "software_version_and_target_device"
# webtalk_add_data -client project -key target_family -value "NA" -context "software_version_and_target_device"
# webtalk_add_data -client project -key target_device -value "NA" -context "software_version_and_target_device"
# webtalk_add_data -client project -key target_package -value "NA" -context "software_version_and_target_device"
# webtalk_add_data -client project -key target_speed -value "NA" -context "software_version_and_target_device"
# webtalk_add_data -client project -key random_id -value "teok3emngrab77koihkigcepec" -context "software_version_and_target_device"
# webtalk_add_data -client project -key project_id -value "2019.2_1" -context "software_version_and_target_device"
# webtalk_add_data -client project -key project_iteration -value "1" -context "software_version_and_target_device"
# webtalk_add_data -client project -key os_name -value "Ubuntu" -context "user_environment"
# webtalk_add_data -client project -key os_release -value "Ubuntu 18.04.3 LTS" -context "user_environment"
# webtalk_add_data -client project -key cpu_name -value "Intel(R) Core(TM) i7-3770 CPU @ 3.40GHz" -context "user_environment"
# webtalk_add_data -client project -key cpu_speed -value "3846.142 MHz" -context "user_environment"
# webtalk_add_data -client project -key total_processors -value "1" -context "user_environment"
# webtalk_add_data -client project -key system_ram -value "16.769 GB" -context "user_environment"
# webtalk_register_client -client vitis
# webtalk_add_data -client vitis -key uid -value "1574791040000" -context "vitis\\\\platform/1574791040000"
# webtalk_add_data -client vitis -key platform_source -value "dsa" -context "vitis\\\\platform/1574791040000"
# webtalk_add_data -client vitis -key os -value "standalone" -context "vitis\\\\platform/1574791040000"
# webtalk_add_data -client vitis -key processor -value "microblaze" -context "vitis\\\\platform/1574791040000"
# webtalk_add_data -client vitis -key platform -value "NA" -context "vitis\\\\platform/1574791040000"
# webtalk_add_data -client vitis -key uid -value "1574791152000" -context "vitis\\\\application/1574791152000"
# webtalk_add_data -client vitis -key project_type -value "sdk" -context "vitis\\\\application/1574791152000"
# webtalk_add_data -client vitis -key os -value "standalone" -context "vitis\\\\application/1574791152000"
# webtalk_add_data -client vitis -key processor -value "microblaze" -context "vitis\\\\application/1574791152000"
# webtalk_add_data -client vitis -key runtime -value "cpp" -context "vitis\\\\application/1574791152000"
# webtalk_add_data -client vitis -key template -value "sdk" -context "vitis\\\\application/1574791152000"
# webtalk_add_data -client vitis -key platform -value "NA" -context "vitis\\\\application/1574791152000"
# webtalk_add_data -client vitis -key platform_type -value "NA" -context "vitis\\\\application/1574791152000"
# webtalk_add_data -client vitis -key application_type -value "application" -context "vitis\\\\application/1574791152000"
# webtalk_add_data -client vitis -key platform_source -value "dsa" -context "vitis\\\\application/1574791152000"
# webtalk_add_data -client vitis -key device_family -value "NA" -context "vitis\\\\application/1574791152000"
# webtalk_add_data -client vitis -key fpga -value "7a35ti" -context "vitis\\\\application/1574791152000"
# webtalk_transmit -clientid 4263659829 -regid "" -xml /home/teamradpc/Projects/CSCI460_Final/vitis_workspace/webtalk/usage_statistics_ext_vitis.xml -html /home/teamradpc/Projects/CSCI460_Final/vitis_workspace/webtalk/usage_statistics_ext_vitis.html -wdm /home/teamradpc/Projects/CSCI460_Final/vitis_workspace/webtalk/vitis_webtalk.wdm -intro "<H3>Vitis Usage Report</H3><BR>"
INFO: [Common 17-186] '/home/teamradpc/Projects/CSCI460_Final/vitis_workspace/webtalk/usage_statistics_ext_vitis.xml' has been successfully sent to Xilinx on Tue Nov 26 11:09:11 2019. For additional details about this file, please refer to the WebTalk help file at /opt/Xilinx/Vitis/2019.2/doc/webtalk_introduction.html.
# webtalk_terminate
INFO: [Common 17-206] Exiting Webtalk at Tue Nov 26 11:09:11 2019...
