TRACE::2019-11-21.21:16:31::SCWPlatform::Trying to open the hw design at C:/Vivado/projects/CSCI460/vitis_workspace/arty_microblaze_01_wrapper_2/hw/arty_microblaze_01_wrapper.xsa
TRACE::2019-11-21.21:16:31::SCWPlatform::DSA given C:/Vivado/projects/CSCI460/vitis_workspace/arty_microblaze_01_wrapper_2/hw/arty_microblaze_01_wrapper.xsa
TRACE::2019-11-21.21:16:31::SCWPlatform::DSA absoulate path C:/Vivado/projects/CSCI460/vitis_workspace/arty_microblaze_01_wrapper_2/hw/arty_microblaze_01_wrapper.xsa
TRACE::2019-11-21.21:16:31::SCWPlatform::DSA directory C:/Vivado/projects/CSCI460/vitis_workspace/arty_microblaze_01_wrapper_2/hw
TRACE::2019-11-21.21:16:31::SCWPlatform:: Platform Path C:/Vivado/projects/CSCI460/vitis_workspace/arty_microblaze_01_wrapper_2/hw/arty_microblaze_01_wrapper.xsa
TRACE::2019-11-21.21:16:31::SCWPlatform:: Unique name xilinx:arty-a7-35::0.0
TRACE::2019-11-21.21:16:31::SCWPlatform::Do not have an existing db opened. 
TRACE::2019-11-21.21:16:31::SCWPlatform::Opened new HwDB with name arty_microblaze_01_wrapper_4
TRACE::2019-11-21.21:16:31::SCWWriter::formatted JSON is {
	"platformName":	"arty_microblaze_01_wrapper_2",
	"sprVersion":	"2.0",
	"mode":	"gui",
	"dsaType":	"Fixed",
	"platformDesc":	"arty_microblaze_01_wrapper_2",
	"platHandOff":	"C:/Vivado/projects/CSCI460/arty_microblaze_01_wrapper.xsa",
	"platIntHandOff":	"<platformDir>/hw/arty_microblaze_01_wrapper.xsa",
	"deviceType":	"FPGA",
	"platIsPrebuiltAutogen":	"false",
	"platIsNoBootBsp":	"false",
	"hasFsblMakeHasChanges":	"false",
	"hasPmufwMakeHasChanges":	"false",
	"platPreBuiltFlag":	false,
	"platformSamplesDir":	""
}
TRACE::2019-11-21.21:16:31::SCWWriter::formatted JSON is {
	"platformName":	"arty_microblaze_01_wrapper_2",
	"sprVersion":	"2.0",
	"mode":	"gui",
	"dsaType":	"Fixed",
	"platformDesc":	"arty_microblaze_01_wrapper_2",
	"platHandOff":	"C:/Vivado/projects/CSCI460/arty_microblaze_01_wrapper.xsa",
	"platIntHandOff":	"<platformDir>/hw/arty_microblaze_01_wrapper.xsa",
	"deviceType":	"FPGA",
	"platIsPrebuiltAutogen":	"false",
	"platIsNoBootBsp":	"false",
	"hasFsblMakeHasChanges":	"false",
	"hasPmufwMakeHasChanges":	"false",
	"platPreBuiltFlag":	false,
	"platformSamplesDir":	"",
	"platActiveSys":	"arty_microblaze_01_wrapper_2",
	"systems":	[{
			"systemName":	"arty_microblaze_01_wrapper_2",
			"systemDesc":	"arty_microblaze_01_wrapper_2",
			"sysIsBootAutoGen":	"true",
			"systemDispName":	"arty_microblaze_01_wrapper_2"
		}]
}
TRACE::2019-11-21.21:16:31::SCWPlatform::Boot application domains not present, creating them
TRACE::2019-11-21.21:16:31::SCWPlatform::Pure FPGA device, no boot application will be created.
TRACE::2019-11-21.21:16:31::SCWWriter::formatted JSON is {
	"platformName":	"arty_microblaze_01_wrapper_2",
	"sprVersion":	"2.0",
	"mode":	"gui",
	"dsaType":	"Fixed",
	"platformDesc":	"arty_microblaze_01_wrapper_2",
	"platHandOff":	"C:/Vivado/projects/CSCI460/arty_microblaze_01_wrapper.xsa",
	"platIntHandOff":	"<platformDir>/hw/arty_microblaze_01_wrapper.xsa",
	"deviceType":	"FPGA",
	"platIsPrebuiltAutogen":	"false",
	"platIsNoBootBsp":	"false",
	"hasFsblMakeHasChanges":	"false",
	"hasPmufwMakeHasChanges":	"false",
	"platPreBuiltFlag":	false,
	"platformSamplesDir":	"",
	"platActiveSys":	"arty_microblaze_01_wrapper_2",
	"systems":	[{
			"systemName":	"arty_microblaze_01_wrapper_2",
			"systemDesc":	"arty_microblaze_01_wrapper_2",
			"sysIsBootAutoGen":	"true",
			"systemDispName":	"arty_microblaze_01_wrapper_2"
		}]
}
TRACE::2019-11-21.21:16:31::SCWWriter::formatted JSON is {
	"platformName":	"arty_microblaze_01_wrapper_2",
	"sprVersion":	"2.0",
	"mode":	"gui",
	"dsaType":	"Fixed",
	"platformDesc":	"arty_microblaze_01_wrapper_2",
	"platHandOff":	"C:/Vivado/projects/CSCI460/arty_microblaze_01_wrapper.xsa",
	"platIntHandOff":	"<platformDir>/hw/arty_microblaze_01_wrapper.xsa",
	"deviceType":	"FPGA",
	"platIsPrebuiltAutogen":	"false",
	"platIsNoBootBsp":	"false",
	"hasFsblMakeHasChanges":	"false",
	"hasPmufwMakeHasChanges":	"false",
	"platPreBuiltFlag":	false,
	"platformSamplesDir":	"",
	"platActiveSys":	"arty_microblaze_01_wrapper_2",
	"systems":	[{
			"systemName":	"arty_microblaze_01_wrapper_2",
			"systemDesc":	"arty_microblaze_01_wrapper_2",
			"sysIsBootAutoGen":	"true",
			"systemDispName":	"arty_microblaze_01_wrapper_2"
		}]
}
TRACE::2019-11-21.21:16:31::SCWPlatform::Trying to open the hw design at C:/Vivado/projects/CSCI460/vitis_workspace/arty_microblaze_01_wrapper_2/hw/arty_microblaze_01_wrapper.xsa
TRACE::2019-11-21.21:16:31::SCWPlatform::DSA given C:/Vivado/projects/CSCI460/vitis_workspace/arty_microblaze_01_wrapper_2/hw/arty_microblaze_01_wrapper.xsa
TRACE::2019-11-21.21:16:31::SCWPlatform::DSA absoulate path C:/Vivado/projects/CSCI460/vitis_workspace/arty_microblaze_01_wrapper_2/hw/arty_microblaze_01_wrapper.xsa
TRACE::2019-11-21.21:16:31::SCWPlatform::DSA directory C:/Vivado/projects/CSCI460/vitis_workspace/arty_microblaze_01_wrapper_2/hw
TRACE::2019-11-21.21:16:31::SCWPlatform:: Platform Path C:/Vivado/projects/CSCI460/vitis_workspace/arty_microblaze_01_wrapper_2/hw/arty_microblaze_01_wrapper.xsa
TRACE::2019-11-21.21:16:31::SCWPlatform:: Unique name xilinx:arty-a7-35::0.0
TRACE::2019-11-21.21:16:31::SCWPlatform::Trying to set the existing hwdb with name arty_microblaze_01_wrapper_4
TRACE::2019-11-21.21:16:31::SCWPlatform::Opened existing hwdb arty_microblaze_01_wrapper_4
TRACE::2019-11-21.21:16:31::SCWPlatform::Found the Hw Db part of the input DSA
TRACE::2019-11-21.21:16:31::SCWDomain::checking for install qemu data   : 
TRACE::2019-11-21.21:16:31::SCWPlatform::Trying to open the hw design at C:/Vivado/projects/CSCI460/vitis_workspace/arty_microblaze_01_wrapper_2/hw/arty_microblaze_01_wrapper.xsa
TRACE::2019-11-21.21:16:31::SCWPlatform::DSA given C:/Vivado/projects/CSCI460/vitis_workspace/arty_microblaze_01_wrapper_2/hw/arty_microblaze_01_wrapper.xsa
TRACE::2019-11-21.21:16:31::SCWPlatform::DSA absoulate path C:/Vivado/projects/CSCI460/vitis_workspace/arty_microblaze_01_wrapper_2/hw/arty_microblaze_01_wrapper.xsa
TRACE::2019-11-21.21:16:31::SCWPlatform::DSA directory C:/Vivado/projects/CSCI460/vitis_workspace/arty_microblaze_01_wrapper_2/hw
TRACE::2019-11-21.21:16:31::SCWPlatform:: Platform Path C:/Vivado/projects/CSCI460/vitis_workspace/arty_microblaze_01_wrapper_2/hw/arty_microblaze_01_wrapper.xsa
TRACE::2019-11-21.21:16:31::SCWPlatform:: Unique name xilinx:arty-a7-35::0.0
TRACE::2019-11-21.21:16:31::SCWPlatform::Trying to set the existing hwdb with name arty_microblaze_01_wrapper_4
TRACE::2019-11-21.21:16:31::SCWPlatform::Opened existing hwdb arty_microblaze_01_wrapper_4
TRACE::2019-11-21.21:16:31::SCWPlatform::Found the Hw Db part of the input DSA
TRACE::2019-11-21.21:16:31::SCWPlatform::Trying to open the hw design at C:/Vivado/projects/CSCI460/vitis_workspace/arty_microblaze_01_wrapper_2/hw/arty_microblaze_01_wrapper.xsa
TRACE::2019-11-21.21:16:31::SCWPlatform::DSA given C:/Vivado/projects/CSCI460/vitis_workspace/arty_microblaze_01_wrapper_2/hw/arty_microblaze_01_wrapper.xsa
TRACE::2019-11-21.21:16:31::SCWPlatform::DSA absoulate path C:/Vivado/projects/CSCI460/vitis_workspace/arty_microblaze_01_wrapper_2/hw/arty_microblaze_01_wrapper.xsa
TRACE::2019-11-21.21:16:31::SCWPlatform::DSA directory C:/Vivado/projects/CSCI460/vitis_workspace/arty_microblaze_01_wrapper_2/hw
TRACE::2019-11-21.21:16:31::SCWPlatform:: Platform Path C:/Vivado/projects/CSCI460/vitis_workspace/arty_microblaze_01_wrapper_2/hw/arty_microblaze_01_wrapper.xsa
TRACE::2019-11-21.21:16:31::SCWPlatform:: Unique name xilinx:arty-a7-35::0.0
TRACE::2019-11-21.21:16:31::SCWPlatform::Trying to set the existing hwdb with name arty_microblaze_01_wrapper_4
TRACE::2019-11-21.21:16:31::SCWPlatform::Opened existing hwdb arty_microblaze_01_wrapper_4
TRACE::2019-11-21.21:16:31::SCWPlatform::Found the Hw Db part of the input DSA
TRACE::2019-11-21.21:16:31::SCWMssOS::Checking the sw design at  C:/Vivado/projects/CSCI460/vitis_workspace/arty_microblaze_01_wrapper_2/microblaze_0/standalone_domain/bsp/system.mss
TRACE::2019-11-21.21:16:31::SCWMssOS::DEBUG:  swdes dump  C:/Vivado/projects/CSCI460/vitis_workspace/arty_microblaze_01_wrapper_1/microblaze_0/standalone_domain/bsp/system.mss|system||

TRACE::2019-11-21.21:16:31::SCWMssOS::No sw design opened at  C:/Vivado/projects/CSCI460/vitis_workspace/arty_microblaze_01_wrapper_2/microblaze_0/standalone_domain/bsp/system.mss
TRACE::2019-11-21.21:16:31::SCWMssOS::mss does not exists at C:/Vivado/projects/CSCI460/vitis_workspace/arty_microblaze_01_wrapper_2/microblaze_0/standalone_domain/bsp/system.mss
TRACE::2019-11-21.21:16:31::SCWMssOS::Creating sw design at  C:/Vivado/projects/CSCI460/vitis_workspace/arty_microblaze_01_wrapper_2/microblaze_0/standalone_domain/bsp/system.mss
TRACE::2019-11-21.21:16:31::SCWMssOS::Adding the swdes entry, created swdb C:/Vivado/projects/CSCI460/vitis_workspace/arty_microblaze_01_wrapper_2/microblaze_0/standalone_domain/bsp/system.mss with des name C:/Vivado/projects/CSCI460/vitis_workspace/arty_microblaze_01_wrapper_2/microblaze_0/standalone_domain/bsp/system.mss
TRACE::2019-11-21.21:16:31::SCWMssOS::updating the scw layer changes to swdes at   C:/Vivado/projects/CSCI460/vitis_workspace/arty_microblaze_01_wrapper_2/microblaze_0/standalone_domain/bsp/system.mss
TRACE::2019-11-21.21:16:31::SCWMssOS::Writing mss at C:/Vivado/projects/CSCI460/vitis_workspace/arty_microblaze_01_wrapper_2/microblaze_0/standalone_domain/bsp/system.mss
TRACE::2019-11-21.21:16:31::SCWMssOS::Completed writing the mss file at C:/Vivado/projects/CSCI460/vitis_workspace/arty_microblaze_01_wrapper_2/microblaze_0/standalone_domain/bsp
TRACE::2019-11-21.21:16:31::SCWMssOS::Picking up changes from newly written mss file into SCW Layer. 
TRACE::2019-11-21.21:16:31::SCWMssOS::Updated the changes from newly written mss file into SCW Layer. 
TRACE::2019-11-21.21:16:31::SCWPlatform::Trying to open the hw design at C:/Vivado/projects/CSCI460/vitis_workspace/arty_microblaze_01_wrapper_2/hw/arty_microblaze_01_wrapper.xsa
TRACE::2019-11-21.21:16:31::SCWPlatform::DSA given C:/Vivado/projects/CSCI460/vitis_workspace/arty_microblaze_01_wrapper_2/hw/arty_microblaze_01_wrapper.xsa
TRACE::2019-11-21.21:16:31::SCWPlatform::DSA absoulate path C:/Vivado/projects/CSCI460/vitis_workspace/arty_microblaze_01_wrapper_2/hw/arty_microblaze_01_wrapper.xsa
TRACE::2019-11-21.21:16:31::SCWPlatform::DSA directory C:/Vivado/projects/CSCI460/vitis_workspace/arty_microblaze_01_wrapper_2/hw
TRACE::2019-11-21.21:16:31::SCWPlatform:: Platform Path C:/Vivado/projects/CSCI460/vitis_workspace/arty_microblaze_01_wrapper_2/hw/arty_microblaze_01_wrapper.xsa
TRACE::2019-11-21.21:16:31::SCWPlatform:: Unique name xilinx:arty-a7-35::0.0
TRACE::2019-11-21.21:16:31::SCWPlatform::Trying to set the existing hwdb with name arty_microblaze_01_wrapper_4
TRACE::2019-11-21.21:16:31::SCWPlatform::Opened existing hwdb arty_microblaze_01_wrapper_4
TRACE::2019-11-21.21:16:31::SCWPlatform::Found the Hw Db part of the input DSA
TRACE::2019-11-21.21:16:31::SCWMssOS::Checking the sw design at  C:/Vivado/projects/CSCI460/vitis_workspace/arty_microblaze_01_wrapper_2/microblaze_0/standalone_domain/bsp/system.mss
TRACE::2019-11-21.21:16:31::SCWMssOS::DEBUG:  swdes dump  C:/Vivado/projects/CSCI460/vitis_workspace/arty_microblaze_01_wrapper_1/microblaze_0/standalone_domain/bsp/system.mss|system||
C:/Vivado/projects/CSCI460/vitis_workspace/arty_microblaze_01_wrapper_2/microblaze_0/standalone_domain/bsp/system.mss|C:/Vivado/projects/CSCI460/vitis_workspace/arty_microblaze_01_wrapper_2/microblaze_0/standalone_domain/bsp/system.mss||

TRACE::2019-11-21.21:16:31::SCWMssOS::Sw design exists and opened at  C:/Vivado/projects/CSCI460/vitis_workspace/arty_microblaze_01_wrapper_2/microblaze_0/standalone_domain/bsp/system.mss
TRACE::2019-11-21.21:16:31::SCWPlatform::Trying to open the hw design at C:/Vivado/projects/CSCI460/vitis_workspace/arty_microblaze_01_wrapper_2/hw/arty_microblaze_01_wrapper.xsa
TRACE::2019-11-21.21:16:31::SCWPlatform::DSA given C:/Vivado/projects/CSCI460/vitis_workspace/arty_microblaze_01_wrapper_2/hw/arty_microblaze_01_wrapper.xsa
TRACE::2019-11-21.21:16:31::SCWPlatform::DSA absoulate path C:/Vivado/projects/CSCI460/vitis_workspace/arty_microblaze_01_wrapper_2/hw/arty_microblaze_01_wrapper.xsa
TRACE::2019-11-21.21:16:31::SCWPlatform::DSA directory C:/Vivado/projects/CSCI460/vitis_workspace/arty_microblaze_01_wrapper_2/hw
TRACE::2019-11-21.21:16:31::SCWPlatform:: Platform Path C:/Vivado/projects/CSCI460/vitis_workspace/arty_microblaze_01_wrapper_2/hw/arty_microblaze_01_wrapper.xsa
TRACE::2019-11-21.21:16:31::SCWPlatform:: Unique name xilinx:arty-a7-35::0.0
TRACE::2019-11-21.21:16:31::SCWPlatform::Trying to set the existing hwdb with name arty_microblaze_01_wrapper_4
TRACE::2019-11-21.21:16:31::SCWPlatform::Opened existing hwdb arty_microblaze_01_wrapper_4
TRACE::2019-11-21.21:16:31::SCWPlatform::Found the Hw Db part of the input DSA
TRACE::2019-11-21.21:16:31::SCWMssOS::Checking the sw design at  C:/Vivado/projects/CSCI460/vitis_workspace/arty_microblaze_01_wrapper_2/microblaze_0/standalone_domain/bsp/system.mss
TRACE::2019-11-21.21:16:31::SCWMssOS::DEBUG:  swdes dump  C:/Vivado/projects/CSCI460/vitis_workspace/arty_microblaze_01_wrapper_1/microblaze_0/standalone_domain/bsp/system.mss|system||
C:/Vivado/projects/CSCI460/vitis_workspace/arty_microblaze_01_wrapper_2/microblaze_0/standalone_domain/bsp/system.mss|C:/Vivado/projects/CSCI460/vitis_workspace/arty_microblaze_01_wrapper_2/microblaze_0/standalone_domain/bsp/system.mss||

TRACE::2019-11-21.21:16:31::SCWMssOS::Sw design exists and opened at  C:/Vivado/projects/CSCI460/vitis_workspace/arty_microblaze_01_wrapper_2/microblaze_0/standalone_domain/bsp/system.mss
TRACE::2019-11-21.21:16:31::SCWPlatform::Trying to open the hw design at C:/Vivado/projects/CSCI460/vitis_workspace/arty_microblaze_01_wrapper_2/hw/arty_microblaze_01_wrapper.xsa
TRACE::2019-11-21.21:16:31::SCWPlatform::DSA given C:/Vivado/projects/CSCI460/vitis_workspace/arty_microblaze_01_wrapper_2/hw/arty_microblaze_01_wrapper.xsa
TRACE::2019-11-21.21:16:31::SCWPlatform::DSA absoulate path C:/Vivado/projects/CSCI460/vitis_workspace/arty_microblaze_01_wrapper_2/hw/arty_microblaze_01_wrapper.xsa
TRACE::2019-11-21.21:16:31::SCWPlatform::DSA directory C:/Vivado/projects/CSCI460/vitis_workspace/arty_microblaze_01_wrapper_2/hw
TRACE::2019-11-21.21:16:31::SCWPlatform:: Platform Path C:/Vivado/projects/CSCI460/vitis_workspace/arty_microblaze_01_wrapper_2/hw/arty_microblaze_01_wrapper.xsa
TRACE::2019-11-21.21:16:31::SCWPlatform:: Unique name xilinx:arty-a7-35::0.0
TRACE::2019-11-21.21:16:31::SCWPlatform::Trying to set the existing hwdb with name arty_microblaze_01_wrapper_4
TRACE::2019-11-21.21:16:31::SCWPlatform::Opened existing hwdb arty_microblaze_01_wrapper_4
TRACE::2019-11-21.21:16:31::SCWPlatform::Found the Hw Db part of the input DSA
TRACE::2019-11-21.21:16:31::SCWMssOS::Checking the sw design at  C:/Vivado/projects/CSCI460/vitis_workspace/arty_microblaze_01_wrapper_2/microblaze_0/standalone_domain/bsp/system.mss
TRACE::2019-11-21.21:16:31::SCWMssOS::DEBUG:  swdes dump  C:/Vivado/projects/CSCI460/vitis_workspace/arty_microblaze_01_wrapper_1/microblaze_0/standalone_domain/bsp/system.mss|system||
C:/Vivado/projects/CSCI460/vitis_workspace/arty_microblaze_01_wrapper_2/microblaze_0/standalone_domain/bsp/system.mss|C:/Vivado/projects/CSCI460/vitis_workspace/arty_microblaze_01_wrapper_2/microblaze_0/standalone_domain/bsp/system.mss||

TRACE::2019-11-21.21:16:31::SCWMssOS::Sw design exists and opened at  C:/Vivado/projects/CSCI460/vitis_workspace/arty_microblaze_01_wrapper_2/microblaze_0/standalone_domain/bsp/system.mss
TRACE::2019-11-21.21:16:31::SCWWriter::formatted JSON is {
	"platformName":	"arty_microblaze_01_wrapper_2",
	"sprVersion":	"2.0",
	"mode":	"gui",
	"dsaType":	"Fixed",
	"platformDesc":	"arty_microblaze_01_wrapper_2",
	"platHandOff":	"C:/Vivado/projects/CSCI460/arty_microblaze_01_wrapper.xsa",
	"platIntHandOff":	"<platformDir>/hw/arty_microblaze_01_wrapper.xsa",
	"deviceType":	"FPGA",
	"platIsPrebuiltAutogen":	"false",
	"platIsNoBootBsp":	"false",
	"hasFsblMakeHasChanges":	"false",
	"hasPmufwMakeHasChanges":	"false",
	"platPreBuiltFlag":	false,
	"platformSamplesDir":	"",
	"platActiveSys":	"arty_microblaze_01_wrapper_2",
	"systems":	[{
			"systemName":	"arty_microblaze_01_wrapper_2",
			"systemDesc":	"arty_microblaze_01_wrapper_2",
			"sysIsBootAutoGen":	"true",
			"systemDispName":	"arty_microblaze_01_wrapper_2",
			"sysActiveDom":	"standalone_domain",
			"sysDefaultDom":	"standalone_domain",
			"domains":	[{
					"domainName":	"standalone_domain",
					"domainDispName":	"standalone on microblaze_0",
					"domainDesc":	"standalone_domain",
					"processors":	"microblaze_0",
					"os":	"standalone",
					"sdxOs":	"standalone",
					"debugEnable":	"False",
					"domRuntimes":	["cpp"],
					"swRepo":	"",
					"mssOsVer":	"7.1",
					"mssFile":	"",
					"md5Digest":	"",
					"compatibleApp":	"lwip_echo_server",
					"domType":	"mssDomain",
					"arch":	"32-bit",
					"appSettings":	{
						"appCompilerFlags":	"",
						"appLinkerFlags":	""
					},
					"addedLibs":	["lwip211:1.1"],
					"libOptions":	{
						"libsContainingOptions":	[]
					},
					"prebuiltLibs":	{
						"prebuiltIncPath":	[],
						"prebuiltLibPath":	[]
					},
					"isolation":	{
					}
				}]
		}]
}
TRACE::2019-11-21.21:16:31::SCWPlatform::Trying to open the hw design at C:/Vivado/projects/CSCI460/vitis_workspace/arty_microblaze_01_wrapper_2/hw/arty_microblaze_01_wrapper.xsa
TRACE::2019-11-21.21:16:31::SCWPlatform::DSA given C:/Vivado/projects/CSCI460/vitis_workspace/arty_microblaze_01_wrapper_2/hw/arty_microblaze_01_wrapper.xsa
TRACE::2019-11-21.21:16:31::SCWPlatform::DSA absoulate path C:/Vivado/projects/CSCI460/vitis_workspace/arty_microblaze_01_wrapper_2/hw/arty_microblaze_01_wrapper.xsa
TRACE::2019-11-21.21:16:31::SCWPlatform::DSA directory C:/Vivado/projects/CSCI460/vitis_workspace/arty_microblaze_01_wrapper_2/hw
TRACE::2019-11-21.21:16:31::SCWPlatform:: Platform Path C:/Vivado/projects/CSCI460/vitis_workspace/arty_microblaze_01_wrapper_2/hw/arty_microblaze_01_wrapper.xsa
TRACE::2019-11-21.21:16:31::SCWPlatform:: Unique name xilinx:arty-a7-35::0.0
TRACE::2019-11-21.21:16:31::SCWPlatform::Trying to set the existing hwdb with name arty_microblaze_01_wrapper_4
TRACE::2019-11-21.21:16:31::SCWPlatform::Opened existing hwdb arty_microblaze_01_wrapper_4
TRACE::2019-11-21.21:16:31::SCWPlatform::Found the Hw Db part of the input DSA
TRACE::2019-11-21.21:16:31::SCWMssOS::Checking the sw design at  C:/Vivado/projects/CSCI460/vitis_workspace/arty_microblaze_01_wrapper_2/microblaze_0/standalone_domain/bsp/system.mss
TRACE::2019-11-21.21:16:31::SCWMssOS::DEBUG:  swdes dump  C:/Vivado/projects/CSCI460/vitis_workspace/arty_microblaze_01_wrapper_1/microblaze_0/standalone_domain/bsp/system.mss|system||
C:/Vivado/projects/CSCI460/vitis_workspace/arty_microblaze_01_wrapper_2/microblaze_0/standalone_domain/bsp/system.mss|C:/Vivado/projects/CSCI460/vitis_workspace/arty_microblaze_01_wrapper_2/microblaze_0/standalone_domain/bsp/system.mss||

TRACE::2019-11-21.21:16:31::SCWMssOS::Sw design exists and opened at  C:/Vivado/projects/CSCI460/vitis_workspace/arty_microblaze_01_wrapper_2/microblaze_0/standalone_domain/bsp/system.mss
TRACE::2019-11-21.21:16:31::SCWMssOS::Completed writing the mss file at C:/Vivado/projects/CSCI460/vitis_workspace/arty_microblaze_01_wrapper_2/microblaze_0/standalone_domain/bsp
TRACE::2019-11-21.21:16:31::SCWMssOS::Forcing BSP Sources regeneration.
LOG::2019-11-21.21:16:33::SCWPlatform::Started generating the artifacts platform arty_microblaze_01_wrapper_2
TRACE::2019-11-21.21:16:33::SCWPlatform::Sanity checking of platform is completed
LOG::2019-11-21.21:16:33::SCWPlatform::Started generating the artifacts for system configuration arty_microblaze_01_wrapper_2
LOG::2019-11-21.21:16:33::SCWSystem::Checking the domain standalone_domain
LOG::2019-11-21.21:16:33::SCWSystem::Not a boot domain 
LOG::2019-11-21.21:16:33::SCWSystem::Started Processing the domain standalone_domain
TRACE::2019-11-21.21:16:33::SCWDomain::Generating domain artifcats
TRACE::2019-11-21.21:16:33::SCWMssOS::Generating standalone artifcats
TRACE::2019-11-21.21:16:33::SCWMssOS:: Copying the user libraries. 
TRACE::2019-11-21.21:16:33::SCWPlatform::Trying to open the hw design at C:/Vivado/projects/CSCI460/vitis_workspace/arty_microblaze_01_wrapper_2/hw/arty_microblaze_01_wrapper.xsa
TRACE::2019-11-21.21:16:33::SCWPlatform::DSA given C:/Vivado/projects/CSCI460/vitis_workspace/arty_microblaze_01_wrapper_2/hw/arty_microblaze_01_wrapper.xsa
TRACE::2019-11-21.21:16:33::SCWPlatform::DSA absoulate path C:/Vivado/projects/CSCI460/vitis_workspace/arty_microblaze_01_wrapper_2/hw/arty_microblaze_01_wrapper.xsa
TRACE::2019-11-21.21:16:33::SCWPlatform::DSA directory C:/Vivado/projects/CSCI460/vitis_workspace/arty_microblaze_01_wrapper_2/hw
TRACE::2019-11-21.21:16:33::SCWPlatform:: Platform Path C:/Vivado/projects/CSCI460/vitis_workspace/arty_microblaze_01_wrapper_2/hw/arty_microblaze_01_wrapper.xsa
TRACE::2019-11-21.21:16:33::SCWPlatform:: Unique name xilinx:arty-a7-35::0.0
TRACE::2019-11-21.21:16:33::SCWPlatform::Trying to set the existing hwdb with name arty_microblaze_01_wrapper_4
TRACE::2019-11-21.21:16:33::SCWPlatform::Opened existing hwdb arty_microblaze_01_wrapper_4
TRACE::2019-11-21.21:16:33::SCWPlatform::Found the Hw Db part of the input DSA
TRACE::2019-11-21.21:16:33::SCWMssOS::Checking the sw design at  C:/Vivado/projects/CSCI460/vitis_workspace/arty_microblaze_01_wrapper_2/microblaze_0/standalone_domain/bsp/system.mss
TRACE::2019-11-21.21:16:33::SCWMssOS::DEBUG:  swdes dump  C:/Vivado/projects/CSCI460/vitis_workspace/arty_microblaze_01_wrapper_1/microblaze_0/standalone_domain/bsp/system.mss|system||
C:/Vivado/projects/CSCI460/vitis_workspace/arty_microblaze_01_wrapper_2/microblaze_0/standalone_domain/bsp/system.mss|C:/Vivado/projects/CSCI460/vitis_workspace/arty_microblaze_01_wrapper_2/microblaze_0/standalone_domain/bsp/system.mss||

KEYINFO::2019-11-21.21:16:33::SCWMssOS::Could not open the swdb for C:/Vivado/projects/CSCI460/vitis_workspace/arty_microblaze_01_wrapper_2/microblaze_0/standalone_domain/bsp/system.mss
KEYINFO::2019-11-21.21:16:33::SCWMssOS::Could not open the sw design at  C:/Vivado/projects/CSCI460/vitis_workspace/arty_microblaze_01_wrapper_2/microblaze_0/standalone_domain/bsp/system.mss
ERROR: [Hsi 55-1558] Software Design C:/Vivado/projects/CSCI460/vitis_workspace/arty_microblaze_01_wrapper_2/microblaze_0/standalone_domain/bsp/system.mss is not found

TRACE::2019-11-21.21:16:33::SCWMssOS::Cleared the swdb table entry
TRACE::2019-11-21.21:16:33::SCWMssOS::No sw design opened at  C:/Vivado/projects/CSCI460/vitis_workspace/arty_microblaze_01_wrapper_2/microblaze_0/standalone_domain/bsp/system.mss
TRACE::2019-11-21.21:16:33::SCWMssOS::mss exists loading the mss file  C:/Vivado/projects/CSCI460/vitis_workspace/arty_microblaze_01_wrapper_2/microblaze_0/standalone_domain/bsp/system.mss
TRACE::2019-11-21.21:16:33::SCWMssOS::Opened the sw design from mss  C:/Vivado/projects/CSCI460/vitis_workspace/arty_microblaze_01_wrapper_2/microblaze_0/standalone_domain/bsp/system.mss
TRACE::2019-11-21.21:16:33::SCWMssOS::Adding the swdes entry C:/Vivado/projects/CSCI460/vitis_workspace/arty_microblaze_01_wrapper_2/microblaze_0/standalone_domain/bsp/system.mss with des name system_0
TRACE::2019-11-21.21:16:33::SCWMssOS::updating the scw layer about changes
TRACE::2019-11-21.21:16:33::SCWMssOS::Opened the sw design.  C:/Vivado/projects/CSCI460/vitis_workspace/arty_microblaze_01_wrapper_2/microblaze_0/standalone_domain/bsp/system.mss
TRACE::2019-11-21.21:16:33::SCWMssOS::Completed writing the mss file at C:/Vivado/projects/CSCI460/vitis_workspace/arty_microblaze_01_wrapper_2/microblaze_0/standalone_domain/bsp
TRACE::2019-11-21.21:16:33::SCWMssOS::Mss edits present, copying mssfile into export location C:/Vivado/projects/CSCI460/vitis_workspace/arty_microblaze_01_wrapper_2/microblaze_0/standalone_domain/bsp/system.mss
TRACE::2019-11-21.21:16:33::SCWMssOS::bsp generated is upto date with the mss file. Skipping bsp generation.
TRACE::2019-11-21.21:16:33::SCWMssOS::BSP is already built. skipping the bsp build ... 
TRACE::2019-11-21.21:16:33::SCWDomain::Skipping the build for domain :  standalone_domain
TRACE::2019-11-21.21:16:33::SCWMssOS::skipping the bsp build ... 
TRACE::2019-11-21.21:16:33::SCWMssOS::Copying to export directory.
TRACE::2019-11-21.21:16:33::SCWMssOS:: Checking if to create the Supporting Applications
TRACE::2019-11-21.21:16:33::SCWMssOS:: No Linux domain exists, trying to generate FSBL 
LOG::2019-11-21.21:16:33::SCWSystem::Completed Processing the domain standalone_domain
LOG::2019-11-21.21:16:33::SCWSystem::Completed Processing the sysconfig arty_microblaze_01_wrapper_2
LOG::2019-11-21.21:16:33::SCWPlatform::Completed generating the artifacts for system configuration arty_microblaze_01_wrapper_2
TRACE::2019-11-21.21:16:33::SCWPlatform::Started preparing the platform 
TRACE::2019-11-21.21:16:33::SCWSystem::Writing the bif file for system config arty_microblaze_01_wrapper_2
TRACE::2019-11-21.21:16:33::SCWSystem::dir created 
TRACE::2019-11-21.21:16:33::SCWSystem::Writing the bif 
TRACE::2019-11-21.21:16:33::SCWPlatform::Started writing the spfm file 
TRACE::2019-11-21.21:16:33::SCWPlatform::Started writing the xpfm file 
TRACE::2019-11-21.21:16:33::SCWPlatform::Completed generating the platform
TRACE::2019-11-21.21:16:33::SCWPlatform::Trying to open the hw design at C:/Vivado/projects/CSCI460/vitis_workspace/arty_microblaze_01_wrapper_2/hw/arty_microblaze_01_wrapper.xsa
TRACE::2019-11-21.21:16:33::SCWPlatform::DSA given C:/Vivado/projects/CSCI460/vitis_workspace/arty_microblaze_01_wrapper_2/hw/arty_microblaze_01_wrapper.xsa
TRACE::2019-11-21.21:16:33::SCWPlatform::DSA absoulate path C:/Vivado/projects/CSCI460/vitis_workspace/arty_microblaze_01_wrapper_2/hw/arty_microblaze_01_wrapper.xsa
TRACE::2019-11-21.21:16:33::SCWPlatform::DSA directory C:/Vivado/projects/CSCI460/vitis_workspace/arty_microblaze_01_wrapper_2/hw
TRACE::2019-11-21.21:16:33::SCWPlatform:: Platform Path C:/Vivado/projects/CSCI460/vitis_workspace/arty_microblaze_01_wrapper_2/hw/arty_microblaze_01_wrapper.xsa
TRACE::2019-11-21.21:16:33::SCWPlatform:: Unique name xilinx:arty-a7-35::0.0
TRACE::2019-11-21.21:16:33::SCWPlatform::Trying to set the existing hwdb with name arty_microblaze_01_wrapper_4
TRACE::2019-11-21.21:16:33::SCWPlatform::Opened existing hwdb arty_microblaze_01_wrapper_4
TRACE::2019-11-21.21:16:33::SCWPlatform::Found the Hw Db part of the input DSA
TRACE::2019-11-21.21:16:33::SCWMssOS::Checking the sw design at  C:/Vivado/projects/CSCI460/vitis_workspace/arty_microblaze_01_wrapper_2/microblaze_0/standalone_domain/bsp/system.mss
TRACE::2019-11-21.21:16:33::SCWMssOS::DEBUG:  swdes dump  C:/Vivado/projects/CSCI460/vitis_workspace/arty_microblaze_01_wrapper_1/microblaze_0/standalone_domain/bsp/system.mss|system||
C:/Vivado/projects/CSCI460/vitis_workspace/arty_microblaze_01_wrapper_2/microblaze_0/standalone_domain/bsp/system.mss|system_0||

TRACE::2019-11-21.21:16:33::SCWMssOS::Sw design exists and opened at  C:/Vivado/projects/CSCI460/vitis_workspace/arty_microblaze_01_wrapper_2/microblaze_0/standalone_domain/bsp/system.mss
TRACE::2019-11-21.21:16:33::SCWPlatform::Trying to open the hw design at C:/Vivado/projects/CSCI460/vitis_workspace/arty_microblaze_01_wrapper_2/hw/arty_microblaze_01_wrapper.xsa
TRACE::2019-11-21.21:16:33::SCWPlatform::DSA given C:/Vivado/projects/CSCI460/vitis_workspace/arty_microblaze_01_wrapper_2/hw/arty_microblaze_01_wrapper.xsa
TRACE::2019-11-21.21:16:33::SCWPlatform::DSA absoulate path C:/Vivado/projects/CSCI460/vitis_workspace/arty_microblaze_01_wrapper_2/hw/arty_microblaze_01_wrapper.xsa
TRACE::2019-11-21.21:16:33::SCWPlatform::DSA directory C:/Vivado/projects/CSCI460/vitis_workspace/arty_microblaze_01_wrapper_2/hw
TRACE::2019-11-21.21:16:33::SCWPlatform:: Platform Path C:/Vivado/projects/CSCI460/vitis_workspace/arty_microblaze_01_wrapper_2/hw/arty_microblaze_01_wrapper.xsa
TRACE::2019-11-21.21:16:33::SCWPlatform:: Unique name xilinx:arty-a7-35::0.0
TRACE::2019-11-21.21:16:33::SCWPlatform::Trying to set the existing hwdb with name arty_microblaze_01_wrapper_4
TRACE::2019-11-21.21:16:33::SCWPlatform::Opened existing hwdb arty_microblaze_01_wrapper_4
TRACE::2019-11-21.21:16:33::SCWPlatform::Found the Hw Db part of the input DSA
TRACE::2019-11-21.21:16:33::SCWMssOS::Checking the sw design at  C:/Vivado/projects/CSCI460/vitis_workspace/arty_microblaze_01_wrapper_2/microblaze_0/standalone_domain/bsp/system.mss
TRACE::2019-11-21.21:16:33::SCWMssOS::DEBUG:  swdes dump  C:/Vivado/projects/CSCI460/vitis_workspace/arty_microblaze_01_wrapper_1/microblaze_0/standalone_domain/bsp/system.mss|system||
C:/Vivado/projects/CSCI460/vitis_workspace/arty_microblaze_01_wrapper_2/microblaze_0/standalone_domain/bsp/system.mss|system_0||

TRACE::2019-11-21.21:16:33::SCWMssOS::Sw design exists and opened at  C:/Vivado/projects/CSCI460/vitis_workspace/arty_microblaze_01_wrapper_2/microblaze_0/standalone_domain/bsp/system.mss
TRACE::2019-11-21.21:16:33::SCWPlatform::Trying to open the hw design at C:/Vivado/projects/CSCI460/vitis_workspace/arty_microblaze_01_wrapper_2/hw/arty_microblaze_01_wrapper.xsa
TRACE::2019-11-21.21:16:33::SCWPlatform::DSA given C:/Vivado/projects/CSCI460/vitis_workspace/arty_microblaze_01_wrapper_2/hw/arty_microblaze_01_wrapper.xsa
TRACE::2019-11-21.21:16:33::SCWPlatform::DSA absoulate path C:/Vivado/projects/CSCI460/vitis_workspace/arty_microblaze_01_wrapper_2/hw/arty_microblaze_01_wrapper.xsa
TRACE::2019-11-21.21:16:33::SCWPlatform::DSA directory C:/Vivado/projects/CSCI460/vitis_workspace/arty_microblaze_01_wrapper_2/hw
TRACE::2019-11-21.21:16:33::SCWPlatform:: Platform Path C:/Vivado/projects/CSCI460/vitis_workspace/arty_microblaze_01_wrapper_2/hw/arty_microblaze_01_wrapper.xsa
TRACE::2019-11-21.21:16:33::SCWPlatform:: Unique name xilinx:arty-a7-35::0.0
TRACE::2019-11-21.21:16:33::SCWPlatform::Trying to set the existing hwdb with name arty_microblaze_01_wrapper_4
TRACE::2019-11-21.21:16:33::SCWPlatform::Opened existing hwdb arty_microblaze_01_wrapper_4
TRACE::2019-11-21.21:16:33::SCWPlatform::Found the Hw Db part of the input DSA
TRACE::2019-11-21.21:16:33::SCWMssOS::Checking the sw design at  C:/Vivado/projects/CSCI460/vitis_workspace/arty_microblaze_01_wrapper_2/microblaze_0/standalone_domain/bsp/system.mss
TRACE::2019-11-21.21:16:33::SCWMssOS::DEBUG:  swdes dump  C:/Vivado/projects/CSCI460/vitis_workspace/arty_microblaze_01_wrapper_1/microblaze_0/standalone_domain/bsp/system.mss|system||
C:/Vivado/projects/CSCI460/vitis_workspace/arty_microblaze_01_wrapper_2/microblaze_0/standalone_domain/bsp/system.mss|system_0||

TRACE::2019-11-21.21:16:33::SCWMssOS::Sw design exists and opened at  C:/Vivado/projects/CSCI460/vitis_workspace/arty_microblaze_01_wrapper_2/microblaze_0/standalone_domain/bsp/system.mss
TRACE::2019-11-21.21:16:33::SCWWriter::formatted JSON is {
	"platformName":	"arty_microblaze_01_wrapper_2",
	"sprVersion":	"2.0",
	"mode":	"gui",
	"dsaType":	"Fixed",
	"platformDesc":	"arty_microblaze_01_wrapper_2",
	"platHandOff":	"C:/Vivado/projects/CSCI460/arty_microblaze_01_wrapper.xsa",
	"platIntHandOff":	"<platformDir>/hw/arty_microblaze_01_wrapper.xsa",
	"deviceType":	"FPGA",
	"platIsPrebuiltAutogen":	"false",
	"platIsNoBootBsp":	"false",
	"hasFsblMakeHasChanges":	"false",
	"hasPmufwMakeHasChanges":	"false",
	"platPreBuiltFlag":	false,
	"platformSamplesDir":	"",
	"platActiveSys":	"arty_microblaze_01_wrapper_2",
	"systems":	[{
			"systemName":	"arty_microblaze_01_wrapper_2",
			"systemDesc":	"arty_microblaze_01_wrapper_2",
			"sysIsBootAutoGen":	"true",
			"systemDispName":	"arty_microblaze_01_wrapper_2",
			"sysActiveDom":	"standalone_domain",
			"sysDefaultDom":	"standalone_domain",
			"domains":	[{
					"domainName":	"standalone_domain",
					"domainDispName":	"standalone on microblaze_0",
					"domainDesc":	"standalone_domain",
					"processors":	"microblaze_0",
					"os":	"standalone",
					"sdxOs":	"standalone",
					"debugEnable":	"False",
					"domRuntimes":	["cpp"],
					"swRepo":	"",
					"mssOsVer":	"7.1",
					"mssFile":	"",
					"md5Digest":	"817b355bba91095af7faac8e16738c4f",
					"compatibleApp":	"lwip_echo_server",
					"domType":	"mssDomain",
					"arch":	"32-bit",
					"appSettings":	{
						"appCompilerFlags":	"",
						"appLinkerFlags":	""
					},
					"addedLibs":	["lwip211:1.1"],
					"libOptions":	{
						"lwip211":	{
							"dhcp_does_arp_check":	"true",
							"lwip_dhcp":	"true",
							"pbuf_pool_size":	"2048",
							"libOptionNames":	["dhcp_does_arp_check", "lwip_dhcp", "pbuf_pool_size"]
						},
						"libsContainingOptions":	["lwip211"]
					},
					"prebuiltLibs":	{
						"prebuiltIncPath":	[],
						"prebuiltLibPath":	[]
					},
					"isolation":	{
					}
				}]
		}]
}
KEYINFO::2019-11-21.21:16:33::SCWPlatform::updated the xpfm file.
TRACE::2019-11-21.21:16:33::SCWPlatform::Trying to open the hw design at C:/Vivado/projects/CSCI460/vitis_workspace/arty_microblaze_01_wrapper_2/hw/arty_microblaze_01_wrapper.xsa
TRACE::2019-11-21.21:16:33::SCWPlatform::DSA given C:/Vivado/projects/CSCI460/vitis_workspace/arty_microblaze_01_wrapper_2/hw/arty_microblaze_01_wrapper.xsa
TRACE::2019-11-21.21:16:33::SCWPlatform::DSA absoulate path C:/Vivado/projects/CSCI460/vitis_workspace/arty_microblaze_01_wrapper_2/hw/arty_microblaze_01_wrapper.xsa
TRACE::2019-11-21.21:16:33::SCWPlatform::DSA directory C:/Vivado/projects/CSCI460/vitis_workspace/arty_microblaze_01_wrapper_2/hw
TRACE::2019-11-21.21:16:33::SCWPlatform:: Platform Path C:/Vivado/projects/CSCI460/vitis_workspace/arty_microblaze_01_wrapper_2/hw/arty_microblaze_01_wrapper.xsa
TRACE::2019-11-21.21:16:33::SCWPlatform:: Unique name xilinx:arty-a7-35::0.0
TRACE::2019-11-21.21:16:33::SCWPlatform::Trying to set the existing hwdb with name arty_microblaze_01_wrapper_4
TRACE::2019-11-21.21:16:33::SCWPlatform::Opened existing hwdb arty_microblaze_01_wrapper_4
TRACE::2019-11-21.21:16:33::SCWPlatform::Found the Hw Db part of the input DSA
TRACE::2019-11-21.21:16:33::SCWMssOS::Checking the sw design at  C:/Vivado/projects/CSCI460/vitis_workspace/arty_microblaze_01_wrapper_2/microblaze_0/standalone_domain/bsp/system.mss
TRACE::2019-11-21.21:16:33::SCWMssOS::DEBUG:  swdes dump  C:/Vivado/projects/CSCI460/vitis_workspace/arty_microblaze_01_wrapper_1/microblaze_0/standalone_domain/bsp/system.mss|system||
C:/Vivado/projects/CSCI460/vitis_workspace/arty_microblaze_01_wrapper_2/microblaze_0/standalone_domain/bsp/system.mss|system_0||

TRACE::2019-11-21.21:16:33::SCWMssOS::Sw design exists and opened at  C:/Vivado/projects/CSCI460/vitis_workspace/arty_microblaze_01_wrapper_2/microblaze_0/standalone_domain/bsp/system.mss
TRACE::2019-11-21.21:16:33::SCWPlatform::Trying to open the hw design at C:/Vivado/projects/CSCI460/vitis_workspace/arty_microblaze_01_wrapper_2/hw/arty_microblaze_01_wrapper.xsa
TRACE::2019-11-21.21:16:33::SCWPlatform::DSA given C:/Vivado/projects/CSCI460/vitis_workspace/arty_microblaze_01_wrapper_2/hw/arty_microblaze_01_wrapper.xsa
TRACE::2019-11-21.21:16:33::SCWPlatform::DSA absoulate path C:/Vivado/projects/CSCI460/vitis_workspace/arty_microblaze_01_wrapper_2/hw/arty_microblaze_01_wrapper.xsa
TRACE::2019-11-21.21:16:33::SCWPlatform::DSA directory C:/Vivado/projects/CSCI460/vitis_workspace/arty_microblaze_01_wrapper_2/hw
TRACE::2019-11-21.21:16:33::SCWPlatform:: Platform Path C:/Vivado/projects/CSCI460/vitis_workspace/arty_microblaze_01_wrapper_2/hw/arty_microblaze_01_wrapper.xsa
TRACE::2019-11-21.21:16:33::SCWPlatform:: Unique name xilinx:arty-a7-35::0.0
TRACE::2019-11-21.21:16:33::SCWPlatform::Trying to set the existing hwdb with name arty_microblaze_01_wrapper_4
TRACE::2019-11-21.21:16:33::SCWPlatform::Opened existing hwdb arty_microblaze_01_wrapper_4
TRACE::2019-11-21.21:16:33::SCWPlatform::Found the Hw Db part of the input DSA
TRACE::2019-11-21.21:16:33::SCWMssOS::Checking the sw design at  C:/Vivado/projects/CSCI460/vitis_workspace/arty_microblaze_01_wrapper_2/microblaze_0/standalone_domain/bsp/system.mss
TRACE::2019-11-21.21:16:33::SCWMssOS::DEBUG:  swdes dump  C:/Vivado/projects/CSCI460/vitis_workspace/arty_microblaze_01_wrapper_1/microblaze_0/standalone_domain/bsp/system.mss|system||
C:/Vivado/projects/CSCI460/vitis_workspace/arty_microblaze_01_wrapper_2/microblaze_0/standalone_domain/bsp/system.mss|system_0||

TRACE::2019-11-21.21:16:33::SCWMssOS::Sw design exists and opened at  C:/Vivado/projects/CSCI460/vitis_workspace/arty_microblaze_01_wrapper_2/microblaze_0/standalone_domain/bsp/system.mss
TRACE::2019-11-21.21:16:33::SCWPlatform::Trying to open the hw design at C:/Vivado/projects/CSCI460/vitis_workspace/arty_microblaze_01_wrapper_2/hw/arty_microblaze_01_wrapper.xsa
TRACE::2019-11-21.21:16:33::SCWPlatform::DSA given C:/Vivado/projects/CSCI460/vitis_workspace/arty_microblaze_01_wrapper_2/hw/arty_microblaze_01_wrapper.xsa
TRACE::2019-11-21.21:16:33::SCWPlatform::DSA absoulate path C:/Vivado/projects/CSCI460/vitis_workspace/arty_microblaze_01_wrapper_2/hw/arty_microblaze_01_wrapper.xsa
TRACE::2019-11-21.21:16:33::SCWPlatform::DSA directory C:/Vivado/projects/CSCI460/vitis_workspace/arty_microblaze_01_wrapper_2/hw
TRACE::2019-11-21.21:16:33::SCWPlatform:: Platform Path C:/Vivado/projects/CSCI460/vitis_workspace/arty_microblaze_01_wrapper_2/hw/arty_microblaze_01_wrapper.xsa
TRACE::2019-11-21.21:16:33::SCWPlatform:: Unique name xilinx:arty-a7-35::0.0
TRACE::2019-11-21.21:16:33::SCWPlatform::Trying to set the existing hwdb with name arty_microblaze_01_wrapper_4
TRACE::2019-11-21.21:16:33::SCWPlatform::Opened existing hwdb arty_microblaze_01_wrapper_4
TRACE::2019-11-21.21:16:33::SCWPlatform::Found the Hw Db part of the input DSA
TRACE::2019-11-21.21:16:33::SCWMssOS::Checking the sw design at  C:/Vivado/projects/CSCI460/vitis_workspace/arty_microblaze_01_wrapper_2/microblaze_0/standalone_domain/bsp/system.mss
TRACE::2019-11-21.21:16:33::SCWMssOS::DEBUG:  swdes dump  C:/Vivado/projects/CSCI460/vitis_workspace/arty_microblaze_01_wrapper_1/microblaze_0/standalone_domain/bsp/system.mss|system||
C:/Vivado/projects/CSCI460/vitis_workspace/arty_microblaze_01_wrapper_2/microblaze_0/standalone_domain/bsp/system.mss|system_0||

TRACE::2019-11-21.21:16:33::SCWMssOS::Sw design exists and opened at  C:/Vivado/projects/CSCI460/vitis_workspace/arty_microblaze_01_wrapper_2/microblaze_0/standalone_domain/bsp/system.mss
TRACE::2019-11-21.21:16:33::SCWPlatform::Trying to open the hw design at C:/Vivado/projects/CSCI460/vitis_workspace/arty_microblaze_01_wrapper_2/hw/arty_microblaze_01_wrapper.xsa
TRACE::2019-11-21.21:16:33::SCWPlatform::DSA given C:/Vivado/projects/CSCI460/vitis_workspace/arty_microblaze_01_wrapper_2/hw/arty_microblaze_01_wrapper.xsa
TRACE::2019-11-21.21:16:33::SCWPlatform::DSA absoulate path C:/Vivado/projects/CSCI460/vitis_workspace/arty_microblaze_01_wrapper_2/hw/arty_microblaze_01_wrapper.xsa
TRACE::2019-11-21.21:16:33::SCWPlatform::DSA directory C:/Vivado/projects/CSCI460/vitis_workspace/arty_microblaze_01_wrapper_2/hw
TRACE::2019-11-21.21:16:33::SCWPlatform:: Platform Path C:/Vivado/projects/CSCI460/vitis_workspace/arty_microblaze_01_wrapper_2/hw/arty_microblaze_01_wrapper.xsa
TRACE::2019-11-21.21:16:33::SCWPlatform:: Unique name xilinx:arty-a7-35::0.0
TRACE::2019-11-21.21:16:33::SCWPlatform::Trying to set the existing hwdb with name arty_microblaze_01_wrapper_4
TRACE::2019-11-21.21:16:33::SCWPlatform::Opened existing hwdb arty_microblaze_01_wrapper_4
TRACE::2019-11-21.21:16:33::SCWPlatform::Found the Hw Db part of the input DSA
TRACE::2019-11-21.21:16:33::SCWMssOS::Checking the sw design at  C:/Vivado/projects/CSCI460/vitis_workspace/arty_microblaze_01_wrapper_2/microblaze_0/standalone_domain/bsp/system.mss
TRACE::2019-11-21.21:16:33::SCWMssOS::DEBUG:  swdes dump  C:/Vivado/projects/CSCI460/vitis_workspace/arty_microblaze_01_wrapper_1/microblaze_0/standalone_domain/bsp/system.mss|system||
C:/Vivado/projects/CSCI460/vitis_workspace/arty_microblaze_01_wrapper_2/microblaze_0/standalone_domain/bsp/system.mss|system_0||

TRACE::2019-11-21.21:16:33::SCWMssOS::Sw design exists and opened at  C:/Vivado/projects/CSCI460/vitis_workspace/arty_microblaze_01_wrapper_2/microblaze_0/standalone_domain/bsp/system.mss
TRACE::2019-11-21.21:16:33::SCWWriter::formatted JSON is {
	"platformName":	"arty_microblaze_01_wrapper_2",
	"sprVersion":	"2.0",
	"mode":	"gui",
	"dsaType":	"Fixed",
	"platformDesc":	"arty_microblaze_01_wrapper_2",
	"platHandOff":	"C:/Vivado/projects/CSCI460/arty_microblaze_01_wrapper.xsa",
	"platIntHandOff":	"<platformDir>/hw/arty_microblaze_01_wrapper.xsa",
	"deviceType":	"FPGA",
	"platIsPrebuiltAutogen":	"false",
	"platIsNoBootBsp":	"false",
	"hasFsblMakeHasChanges":	"false",
	"hasPmufwMakeHasChanges":	"false",
	"platPreBuiltFlag":	false,
	"platformSamplesDir":	"",
	"platActiveSys":	"arty_microblaze_01_wrapper_2",
	"systems":	[{
			"systemName":	"arty_microblaze_01_wrapper_2",
			"systemDesc":	"arty_microblaze_01_wrapper_2",
			"sysIsBootAutoGen":	"true",
			"systemDispName":	"arty_microblaze_01_wrapper_2",
			"sysActiveDom":	"standalone_domain",
			"sysDefaultDom":	"standalone_domain",
			"domains":	[{
					"domainName":	"standalone_domain",
					"domainDispName":	"standalone on microblaze_0",
					"domainDesc":	"standalone_domain",
					"processors":	"microblaze_0",
					"os":	"standalone",
					"sdxOs":	"standalone",
					"debugEnable":	"False",
					"domRuntimes":	["cpp"],
					"swRepo":	"",
					"mssOsVer":	"7.1",
					"mssFile":	"",
					"md5Digest":	"817b355bba91095af7faac8e16738c4f",
					"compatibleApp":	"lwip_echo_server",
					"domType":	"mssDomain",
					"arch":	"32-bit",
					"appSettings":	{
						"appCompilerFlags":	"",
						"appLinkerFlags":	""
					},
					"addedLibs":	["lwip211:1.1"],
					"libOptions":	{
						"lwip211":	{
							"dhcp_does_arp_check":	"true",
							"lwip_dhcp":	"true",
							"pbuf_pool_size":	"2048",
							"libOptionNames":	["dhcp_does_arp_check", "lwip_dhcp", "pbuf_pool_size"]
						},
						"libsContainingOptions":	["lwip211"]
					},
					"prebuiltLibs":	{
						"prebuiltIncPath":	[],
						"prebuiltLibPath":	[]
					},
					"isolation":	{
					}
				}]
		}]
}
TRACE::2019-11-21.21:16:33::SCWPlatform::Trying to open the hw design at C:/Vivado/projects/CSCI460/vitis_workspace/arty_microblaze_01_wrapper_2/hw/arty_microblaze_01_wrapper.xsa
TRACE::2019-11-21.21:16:33::SCWPlatform::DSA given C:/Vivado/projects/CSCI460/vitis_workspace/arty_microblaze_01_wrapper_2/hw/arty_microblaze_01_wrapper.xsa
TRACE::2019-11-21.21:16:33::SCWPlatform::DSA absoulate path C:/Vivado/projects/CSCI460/vitis_workspace/arty_microblaze_01_wrapper_2/hw/arty_microblaze_01_wrapper.xsa
TRACE::2019-11-21.21:16:33::SCWPlatform::DSA directory C:/Vivado/projects/CSCI460/vitis_workspace/arty_microblaze_01_wrapper_2/hw
TRACE::2019-11-21.21:16:33::SCWPlatform:: Platform Path C:/Vivado/projects/CSCI460/vitis_workspace/arty_microblaze_01_wrapper_2/hw/arty_microblaze_01_wrapper.xsa
TRACE::2019-11-21.21:16:33::SCWPlatform:: Unique name xilinx:arty-a7-35::0.0
TRACE::2019-11-21.21:16:33::SCWPlatform::Trying to set the existing hwdb with name arty_microblaze_01_wrapper_4
TRACE::2019-11-21.21:16:33::SCWPlatform::Opened existing hwdb arty_microblaze_01_wrapper_4
TRACE::2019-11-21.21:16:33::SCWPlatform::Found the Hw Db part of the input DSA
TRACE::2019-11-21.21:16:33::SCWMssOS::Checking the sw design at  C:/Vivado/projects/CSCI460/vitis_workspace/arty_microblaze_01_wrapper_2/microblaze_0/standalone_domain/bsp/system.mss
TRACE::2019-11-21.21:16:33::SCWMssOS::DEBUG:  swdes dump  C:/Vivado/projects/CSCI460/vitis_workspace/arty_microblaze_01_wrapper_1/microblaze_0/standalone_domain/bsp/system.mss|system||
C:/Vivado/projects/CSCI460/vitis_workspace/arty_microblaze_01_wrapper_2/microblaze_0/standalone_domain/bsp/system.mss|system_0||

TRACE::2019-11-21.21:16:33::SCWMssOS::Sw design exists and opened at  C:/Vivado/projects/CSCI460/vitis_workspace/arty_microblaze_01_wrapper_2/microblaze_0/standalone_domain/bsp/system.mss
TRACE::2019-11-21.21:16:33::SCWPlatform::Trying to open the hw design at C:/Vivado/projects/CSCI460/vitis_workspace/arty_microblaze_01_wrapper_2/hw/arty_microblaze_01_wrapper.xsa
TRACE::2019-11-21.21:16:33::SCWPlatform::DSA given C:/Vivado/projects/CSCI460/vitis_workspace/arty_microblaze_01_wrapper_2/hw/arty_microblaze_01_wrapper.xsa
TRACE::2019-11-21.21:16:33::SCWPlatform::DSA absoulate path C:/Vivado/projects/CSCI460/vitis_workspace/arty_microblaze_01_wrapper_2/hw/arty_microblaze_01_wrapper.xsa
TRACE::2019-11-21.21:16:33::SCWPlatform::DSA directory C:/Vivado/projects/CSCI460/vitis_workspace/arty_microblaze_01_wrapper_2/hw
TRACE::2019-11-21.21:16:33::SCWPlatform:: Platform Path C:/Vivado/projects/CSCI460/vitis_workspace/arty_microblaze_01_wrapper_2/hw/arty_microblaze_01_wrapper.xsa
TRACE::2019-11-21.21:16:33::SCWPlatform:: Unique name xilinx:arty-a7-35::0.0
TRACE::2019-11-21.21:16:33::SCWPlatform::Trying to set the existing hwdb with name arty_microblaze_01_wrapper_4
TRACE::2019-11-21.21:16:33::SCWPlatform::Opened existing hwdb arty_microblaze_01_wrapper_4
TRACE::2019-11-21.21:16:33::SCWPlatform::Found the Hw Db part of the input DSA
TRACE::2019-11-21.21:16:33::SCWMssOS::Checking the sw design at  C:/Vivado/projects/CSCI460/vitis_workspace/arty_microblaze_01_wrapper_2/microblaze_0/standalone_domain/bsp/system.mss
TRACE::2019-11-21.21:16:33::SCWMssOS::DEBUG:  swdes dump  C:/Vivado/projects/CSCI460/vitis_workspace/arty_microblaze_01_wrapper_1/microblaze_0/standalone_domain/bsp/system.mss|system||
C:/Vivado/projects/CSCI460/vitis_workspace/arty_microblaze_01_wrapper_2/microblaze_0/standalone_domain/bsp/system.mss|system_0||

TRACE::2019-11-21.21:16:33::SCWMssOS::Sw design exists and opened at  C:/Vivado/projects/CSCI460/vitis_workspace/arty_microblaze_01_wrapper_2/microblaze_0/standalone_domain/bsp/system.mss
TRACE::2019-11-21.21:16:33::SCWPlatform::Trying to open the hw design at C:/Vivado/projects/CSCI460/vitis_workspace/arty_microblaze_01_wrapper_2/hw/arty_microblaze_01_wrapper.xsa
TRACE::2019-11-21.21:16:33::SCWPlatform::DSA given C:/Vivado/projects/CSCI460/vitis_workspace/arty_microblaze_01_wrapper_2/hw/arty_microblaze_01_wrapper.xsa
TRACE::2019-11-21.21:16:33::SCWPlatform::DSA absoulate path C:/Vivado/projects/CSCI460/vitis_workspace/arty_microblaze_01_wrapper_2/hw/arty_microblaze_01_wrapper.xsa
TRACE::2019-11-21.21:16:33::SCWPlatform::DSA directory C:/Vivado/projects/CSCI460/vitis_workspace/arty_microblaze_01_wrapper_2/hw
TRACE::2019-11-21.21:16:33::SCWPlatform:: Platform Path C:/Vivado/projects/CSCI460/vitis_workspace/arty_microblaze_01_wrapper_2/hw/arty_microblaze_01_wrapper.xsa
TRACE::2019-11-21.21:16:33::SCWPlatform:: Unique name xilinx:arty-a7-35::0.0
TRACE::2019-11-21.21:16:33::SCWPlatform::Trying to set the existing hwdb with name arty_microblaze_01_wrapper_4
TRACE::2019-11-21.21:16:33::SCWPlatform::Opened existing hwdb arty_microblaze_01_wrapper_4
TRACE::2019-11-21.21:16:33::SCWPlatform::Found the Hw Db part of the input DSA
TRACE::2019-11-21.21:16:33::SCWMssOS::Checking the sw design at  C:/Vivado/projects/CSCI460/vitis_workspace/arty_microblaze_01_wrapper_2/microblaze_0/standalone_domain/bsp/system.mss
TRACE::2019-11-21.21:16:33::SCWMssOS::DEBUG:  swdes dump  C:/Vivado/projects/CSCI460/vitis_workspace/arty_microblaze_01_wrapper_1/microblaze_0/standalone_domain/bsp/system.mss|system||
C:/Vivado/projects/CSCI460/vitis_workspace/arty_microblaze_01_wrapper_2/microblaze_0/standalone_domain/bsp/system.mss|system_0||

TRACE::2019-11-21.21:16:33::SCWMssOS::Sw design exists and opened at  C:/Vivado/projects/CSCI460/vitis_workspace/arty_microblaze_01_wrapper_2/microblaze_0/standalone_domain/bsp/system.mss
TRACE::2019-11-21.21:16:33::SCWPlatform::Trying to open the hw design at C:/Vivado/projects/CSCI460/vitis_workspace/arty_microblaze_01_wrapper_2/hw/arty_microblaze_01_wrapper.xsa
TRACE::2019-11-21.21:16:33::SCWPlatform::DSA given C:/Vivado/projects/CSCI460/vitis_workspace/arty_microblaze_01_wrapper_2/hw/arty_microblaze_01_wrapper.xsa
TRACE::2019-11-21.21:16:33::SCWPlatform::DSA absoulate path C:/Vivado/projects/CSCI460/vitis_workspace/arty_microblaze_01_wrapper_2/hw/arty_microblaze_01_wrapper.xsa
TRACE::2019-11-21.21:16:33::SCWPlatform::DSA directory C:/Vivado/projects/CSCI460/vitis_workspace/arty_microblaze_01_wrapper_2/hw
TRACE::2019-11-21.21:16:33::SCWPlatform:: Platform Path C:/Vivado/projects/CSCI460/vitis_workspace/arty_microblaze_01_wrapper_2/hw/arty_microblaze_01_wrapper.xsa
TRACE::2019-11-21.21:16:33::SCWPlatform:: Unique name xilinx:arty-a7-35::0.0
TRACE::2019-11-21.21:16:33::SCWPlatform::Trying to set the existing hwdb with name arty_microblaze_01_wrapper_4
TRACE::2019-11-21.21:16:33::SCWPlatform::Opened existing hwdb arty_microblaze_01_wrapper_4
TRACE::2019-11-21.21:16:33::SCWPlatform::Found the Hw Db part of the input DSA
TRACE::2019-11-21.21:16:33::SCWMssOS::Checking the sw design at  C:/Vivado/projects/CSCI460/vitis_workspace/arty_microblaze_01_wrapper_2/microblaze_0/standalone_domain/bsp/system.mss
TRACE::2019-11-21.21:16:33::SCWMssOS::DEBUG:  swdes dump  C:/Vivado/projects/CSCI460/vitis_workspace/arty_microblaze_01_wrapper_1/microblaze_0/standalone_domain/bsp/system.mss|system||
C:/Vivado/projects/CSCI460/vitis_workspace/arty_microblaze_01_wrapper_2/microblaze_0/standalone_domain/bsp/system.mss|system_0||

TRACE::2019-11-21.21:16:33::SCWMssOS::Sw design exists and opened at  C:/Vivado/projects/CSCI460/vitis_workspace/arty_microblaze_01_wrapper_2/microblaze_0/standalone_domain/bsp/system.mss
TRACE::2019-11-21.21:16:33::SCWPlatform::Trying to open the hw design at C:/Vivado/projects/CSCI460/vitis_workspace/arty_microblaze_01_wrapper_2/hw/arty_microblaze_01_wrapper.xsa
TRACE::2019-11-21.21:16:33::SCWPlatform::DSA given C:/Vivado/projects/CSCI460/vitis_workspace/arty_microblaze_01_wrapper_2/hw/arty_microblaze_01_wrapper.xsa
TRACE::2019-11-21.21:16:33::SCWPlatform::DSA absoulate path C:/Vivado/projects/CSCI460/vitis_workspace/arty_microblaze_01_wrapper_2/hw/arty_microblaze_01_wrapper.xsa
TRACE::2019-11-21.21:16:33::SCWPlatform::DSA directory C:/Vivado/projects/CSCI460/vitis_workspace/arty_microblaze_01_wrapper_2/hw
TRACE::2019-11-21.21:16:33::SCWPlatform:: Platform Path C:/Vivado/projects/CSCI460/vitis_workspace/arty_microblaze_01_wrapper_2/hw/arty_microblaze_01_wrapper.xsa
TRACE::2019-11-21.21:16:33::SCWPlatform:: Unique name xilinx:arty-a7-35::0.0
TRACE::2019-11-21.21:16:33::SCWPlatform::Trying to set the existing hwdb with name arty_microblaze_01_wrapper_4
TRACE::2019-11-21.21:16:33::SCWPlatform::Opened existing hwdb arty_microblaze_01_wrapper_4
TRACE::2019-11-21.21:16:33::SCWPlatform::Found the Hw Db part of the input DSA
TRACE::2019-11-21.21:16:33::SCWMssOS::Checking the sw design at  C:/Vivado/projects/CSCI460/vitis_workspace/arty_microblaze_01_wrapper_2/microblaze_0/standalone_domain/bsp/system.mss
TRACE::2019-11-21.21:16:33::SCWMssOS::DEBUG:  swdes dump  C:/Vivado/projects/CSCI460/vitis_workspace/arty_microblaze_01_wrapper_1/microblaze_0/standalone_domain/bsp/system.mss|system||
C:/Vivado/projects/CSCI460/vitis_workspace/arty_microblaze_01_wrapper_2/microblaze_0/standalone_domain/bsp/system.mss|system_0||

TRACE::2019-11-21.21:16:33::SCWMssOS::Sw design exists and opened at  C:/Vivado/projects/CSCI460/vitis_workspace/arty_microblaze_01_wrapper_2/microblaze_0/standalone_domain/bsp/system.mss
TRACE::2019-11-21.21:16:33::SCWWriter::formatted JSON is {
	"platformName":	"arty_microblaze_01_wrapper_2",
	"sprVersion":	"2.0",
	"mode":	"gui",
	"dsaType":	"Fixed",
	"platformDesc":	"arty_microblaze_01_wrapper_2",
	"platHandOff":	"C:/Vivado/projects/CSCI460/arty_microblaze_01_wrapper.xsa",
	"platIntHandOff":	"<platformDir>/hw/arty_microblaze_01_wrapper.xsa",
	"deviceType":	"FPGA",
	"platIsPrebuiltAutogen":	"false",
	"platIsNoBootBsp":	"false",
	"hasFsblMakeHasChanges":	"false",
	"hasPmufwMakeHasChanges":	"false",
	"platPreBuiltFlag":	false,
	"platformSamplesDir":	"",
	"platActiveSys":	"arty_microblaze_01_wrapper_2",
	"systems":	[{
			"systemName":	"arty_microblaze_01_wrapper_2",
			"systemDesc":	"arty_microblaze_01_wrapper_2",
			"sysIsBootAutoGen":	"true",
			"systemDispName":	"arty_microblaze_01_wrapper_2",
			"sysActiveDom":	"standalone_domain",
			"sysDefaultDom":	"standalone_domain",
			"domains":	[{
					"domainName":	"standalone_domain",
					"domainDispName":	"standalone on microblaze_0",
					"domainDesc":	"standalone_domain",
					"processors":	"microblaze_0",
					"os":	"standalone",
					"sdxOs":	"standalone",
					"debugEnable":	"False",
					"domRuntimes":	["cpp"],
					"swRepo":	"",
					"mssOsVer":	"7.1",
					"mssFile":	"",
					"md5Digest":	"817b355bba91095af7faac8e16738c4f",
					"compatibleApp":	"lwip_echo_server",
					"domType":	"mssDomain",
					"arch":	"32-bit",
					"appSettings":	{
						"appCompilerFlags":	"",
						"appLinkerFlags":	""
					},
					"addedLibs":	["lwip211:1.1"],
					"libOptions":	{
						"lwip211":	{
							"dhcp_does_arp_check":	"true",
							"lwip_dhcp":	"true",
							"pbuf_pool_size":	"2048",
							"libOptionNames":	["dhcp_does_arp_check", "lwip_dhcp", "pbuf_pool_size"]
						},
						"libsContainingOptions":	["lwip211"]
					},
					"prebuiltLibs":	{
						"prebuiltIncPath":	[],
						"prebuiltLibPath":	[]
					},
					"isolation":	{
					}
				}]
		}]
}
LOG::2019-11-21.21:16:33::SCWPlatform::Started generating the artifacts platform arty_microblaze_01_wrapper_2
TRACE::2019-11-21.21:16:33::SCWPlatform::Sanity checking of platform is completed
LOG::2019-11-21.21:16:33::SCWPlatform::Started generating the artifacts for system configuration arty_microblaze_01_wrapper_2
LOG::2019-11-21.21:16:33::SCWSystem::Started Processing the domain standalone_domain
TRACE::2019-11-21.21:16:33::SCWDomain::Generating domain artifcats
TRACE::2019-11-21.21:16:33::SCWMssOS::Generating standalone artifcats
TRACE::2019-11-21.21:16:33::SCWMssOS:: Copying the user libraries. 
TRACE::2019-11-21.21:16:33::SCWPlatform::Trying to open the hw design at C:/Vivado/projects/CSCI460/vitis_workspace/arty_microblaze_01_wrapper_2/hw/arty_microblaze_01_wrapper.xsa
TRACE::2019-11-21.21:16:33::SCWPlatform::DSA given C:/Vivado/projects/CSCI460/vitis_workspace/arty_microblaze_01_wrapper_2/hw/arty_microblaze_01_wrapper.xsa
TRACE::2019-11-21.21:16:33::SCWPlatform::DSA absoulate path C:/Vivado/projects/CSCI460/vitis_workspace/arty_microblaze_01_wrapper_2/hw/arty_microblaze_01_wrapper.xsa
TRACE::2019-11-21.21:16:33::SCWPlatform::DSA directory C:/Vivado/projects/CSCI460/vitis_workspace/arty_microblaze_01_wrapper_2/hw
TRACE::2019-11-21.21:16:33::SCWPlatform:: Platform Path C:/Vivado/projects/CSCI460/vitis_workspace/arty_microblaze_01_wrapper_2/hw/arty_microblaze_01_wrapper.xsa
TRACE::2019-11-21.21:16:33::SCWPlatform:: Unique name xilinx:arty-a7-35::0.0
TRACE::2019-11-21.21:16:33::SCWPlatform::Trying to set the existing hwdb with name arty_microblaze_01_wrapper_4
TRACE::2019-11-21.21:16:33::SCWPlatform::Opened existing hwdb arty_microblaze_01_wrapper_4
TRACE::2019-11-21.21:16:33::SCWPlatform::Found the Hw Db part of the input DSA
TRACE::2019-11-21.21:16:33::SCWMssOS::Checking the sw design at  C:/Vivado/projects/CSCI460/vitis_workspace/arty_microblaze_01_wrapper_2/microblaze_0/standalone_domain/bsp/system.mss
TRACE::2019-11-21.21:16:33::SCWMssOS::DEBUG:  swdes dump  C:/Vivado/projects/CSCI460/vitis_workspace/arty_microblaze_01_wrapper_1/microblaze_0/standalone_domain/bsp/system.mss|system||
C:/Vivado/projects/CSCI460/vitis_workspace/arty_microblaze_01_wrapper_2/microblaze_0/standalone_domain/bsp/system.mss|system_0||

TRACE::2019-11-21.21:16:33::SCWMssOS::Sw design exists and opened at  C:/Vivado/projects/CSCI460/vitis_workspace/arty_microblaze_01_wrapper_2/microblaze_0/standalone_domain/bsp/system.mss
TRACE::2019-11-21.21:16:33::SCWMssOS::Completed writing the mss file at C:/Vivado/projects/CSCI460/vitis_workspace/arty_microblaze_01_wrapper_2/microblaze_0/standalone_domain/bsp
TRACE::2019-11-21.21:16:33::SCWMssOS::Mss edits present, copying mssfile into export location C:/Vivado/projects/CSCI460/vitis_workspace/arty_microblaze_01_wrapper_2/microblaze_0/standalone_domain/bsp/system.mss
TRACE::2019-11-21.21:16:33::SCWMssOS::bsp generated is upto date with the mss file. Skipping bsp generation.
TRACE::2019-11-21.21:16:33::SCWMssOS::BSP is already built. skipping the bsp build ... 
TRACE::2019-11-21.21:16:33::SCWDomain::Building the domain as part of full build :  standalone_domain
TRACE::2019-11-21.21:16:33::SCWMssOS::skipping the bsp build ... 
TRACE::2019-11-21.21:16:33::SCWMssOS::Copying to export directory.
TRACE::2019-11-21.21:16:33::SCWMssOS:: Checking if to create the Supporting Applications
TRACE::2019-11-21.21:16:33::SCWMssOS:: No Linux domain exists, trying to generate FSBL 
LOG::2019-11-21.21:16:33::SCWSystem::Completed Processing the domain standalone_domain
LOG::2019-11-21.21:16:33::SCWSystem::Completed Processing the sysconfig arty_microblaze_01_wrapper_2
LOG::2019-11-21.21:16:33::SCWPlatform::Completed generating the artifacts for system configuration arty_microblaze_01_wrapper_2
TRACE::2019-11-21.21:16:33::SCWPlatform::Started preparing the platform 
TRACE::2019-11-21.21:16:33::SCWSystem::Writing the bif file for system config arty_microblaze_01_wrapper_2
TRACE::2019-11-21.21:16:33::SCWSystem::dir created 
TRACE::2019-11-21.21:16:33::SCWSystem::Writing the bif 
TRACE::2019-11-21.21:16:33::SCWPlatform::Started writing the spfm file 
TRACE::2019-11-21.21:16:33::SCWPlatform::Started writing the xpfm file 
TRACE::2019-11-21.21:16:33::SCWPlatform::Completed generating the platform
TRACE::2019-11-21.21:16:33::SCWPlatform::Trying to open the hw design at C:/Vivado/projects/CSCI460/vitis_workspace/arty_microblaze_01_wrapper_2/hw/arty_microblaze_01_wrapper.xsa
TRACE::2019-11-21.21:16:33::SCWPlatform::DSA given C:/Vivado/projects/CSCI460/vitis_workspace/arty_microblaze_01_wrapper_2/hw/arty_microblaze_01_wrapper.xsa
TRACE::2019-11-21.21:16:33::SCWPlatform::DSA absoulate path C:/Vivado/projects/CSCI460/vitis_workspace/arty_microblaze_01_wrapper_2/hw/arty_microblaze_01_wrapper.xsa
TRACE::2019-11-21.21:16:33::SCWPlatform::DSA directory C:/Vivado/projects/CSCI460/vitis_workspace/arty_microblaze_01_wrapper_2/hw
TRACE::2019-11-21.21:16:33::SCWPlatform:: Platform Path C:/Vivado/projects/CSCI460/vitis_workspace/arty_microblaze_01_wrapper_2/hw/arty_microblaze_01_wrapper.xsa
TRACE::2019-11-21.21:16:33::SCWPlatform:: Unique name xilinx:arty-a7-35::0.0
TRACE::2019-11-21.21:16:33::SCWPlatform::Trying to set the existing hwdb with name arty_microblaze_01_wrapper_4
TRACE::2019-11-21.21:16:33::SCWPlatform::Opened existing hwdb arty_microblaze_01_wrapper_4
TRACE::2019-11-21.21:16:33::SCWPlatform::Found the Hw Db part of the input DSA
TRACE::2019-11-21.21:16:33::SCWMssOS::Checking the sw design at  C:/Vivado/projects/CSCI460/vitis_workspace/arty_microblaze_01_wrapper_2/microblaze_0/standalone_domain/bsp/system.mss
TRACE::2019-11-21.21:16:33::SCWMssOS::DEBUG:  swdes dump  C:/Vivado/projects/CSCI460/vitis_workspace/arty_microblaze_01_wrapper_1/microblaze_0/standalone_domain/bsp/system.mss|system||
C:/Vivado/projects/CSCI460/vitis_workspace/arty_microblaze_01_wrapper_2/microblaze_0/standalone_domain/bsp/system.mss|system_0||

TRACE::2019-11-21.21:16:33::SCWMssOS::Sw design exists and opened at  C:/Vivado/projects/CSCI460/vitis_workspace/arty_microblaze_01_wrapper_2/microblaze_0/standalone_domain/bsp/system.mss
TRACE::2019-11-21.21:16:33::SCWPlatform::Trying to open the hw design at C:/Vivado/projects/CSCI460/vitis_workspace/arty_microblaze_01_wrapper_2/hw/arty_microblaze_01_wrapper.xsa
TRACE::2019-11-21.21:16:33::SCWPlatform::DSA given C:/Vivado/projects/CSCI460/vitis_workspace/arty_microblaze_01_wrapper_2/hw/arty_microblaze_01_wrapper.xsa
TRACE::2019-11-21.21:16:33::SCWPlatform::DSA absoulate path C:/Vivado/projects/CSCI460/vitis_workspace/arty_microblaze_01_wrapper_2/hw/arty_microblaze_01_wrapper.xsa
TRACE::2019-11-21.21:16:33::SCWPlatform::DSA directory C:/Vivado/projects/CSCI460/vitis_workspace/arty_microblaze_01_wrapper_2/hw
TRACE::2019-11-21.21:16:33::SCWPlatform:: Platform Path C:/Vivado/projects/CSCI460/vitis_workspace/arty_microblaze_01_wrapper_2/hw/arty_microblaze_01_wrapper.xsa
TRACE::2019-11-21.21:16:33::SCWPlatform:: Unique name xilinx:arty-a7-35::0.0
TRACE::2019-11-21.21:16:33::SCWPlatform::Trying to set the existing hwdb with name arty_microblaze_01_wrapper_4
TRACE::2019-11-21.21:16:33::SCWPlatform::Opened existing hwdb arty_microblaze_01_wrapper_4
TRACE::2019-11-21.21:16:33::SCWPlatform::Found the Hw Db part of the input DSA
TRACE::2019-11-21.21:16:33::SCWMssOS::Checking the sw design at  C:/Vivado/projects/CSCI460/vitis_workspace/arty_microblaze_01_wrapper_2/microblaze_0/standalone_domain/bsp/system.mss
TRACE::2019-11-21.21:16:33::SCWMssOS::DEBUG:  swdes dump  C:/Vivado/projects/CSCI460/vitis_workspace/arty_microblaze_01_wrapper_1/microblaze_0/standalone_domain/bsp/system.mss|system||
C:/Vivado/projects/CSCI460/vitis_workspace/arty_microblaze_01_wrapper_2/microblaze_0/standalone_domain/bsp/system.mss|system_0||

TRACE::2019-11-21.21:16:33::SCWMssOS::Sw design exists and opened at  C:/Vivado/projects/CSCI460/vitis_workspace/arty_microblaze_01_wrapper_2/microblaze_0/standalone_domain/bsp/system.mss
TRACE::2019-11-21.21:16:33::SCWPlatform::Trying to open the hw design at C:/Vivado/projects/CSCI460/vitis_workspace/arty_microblaze_01_wrapper_2/hw/arty_microblaze_01_wrapper.xsa
TRACE::2019-11-21.21:16:33::SCWPlatform::DSA given C:/Vivado/projects/CSCI460/vitis_workspace/arty_microblaze_01_wrapper_2/hw/arty_microblaze_01_wrapper.xsa
TRACE::2019-11-21.21:16:33::SCWPlatform::DSA absoulate path C:/Vivado/projects/CSCI460/vitis_workspace/arty_microblaze_01_wrapper_2/hw/arty_microblaze_01_wrapper.xsa
TRACE::2019-11-21.21:16:33::SCWPlatform::DSA directory C:/Vivado/projects/CSCI460/vitis_workspace/arty_microblaze_01_wrapper_2/hw
TRACE::2019-11-21.21:16:33::SCWPlatform:: Platform Path C:/Vivado/projects/CSCI460/vitis_workspace/arty_microblaze_01_wrapper_2/hw/arty_microblaze_01_wrapper.xsa
TRACE::2019-11-21.21:16:33::SCWPlatform:: Unique name xilinx:arty-a7-35::0.0
TRACE::2019-11-21.21:16:33::SCWPlatform::Trying to set the existing hwdb with name arty_microblaze_01_wrapper_4
TRACE::2019-11-21.21:16:33::SCWPlatform::Opened existing hwdb arty_microblaze_01_wrapper_4
TRACE::2019-11-21.21:16:33::SCWPlatform::Found the Hw Db part of the input DSA
TRACE::2019-11-21.21:16:33::SCWMssOS::Checking the sw design at  C:/Vivado/projects/CSCI460/vitis_workspace/arty_microblaze_01_wrapper_2/microblaze_0/standalone_domain/bsp/system.mss
TRACE::2019-11-21.21:16:33::SCWMssOS::DEBUG:  swdes dump  C:/Vivado/projects/CSCI460/vitis_workspace/arty_microblaze_01_wrapper_1/microblaze_0/standalone_domain/bsp/system.mss|system||
C:/Vivado/projects/CSCI460/vitis_workspace/arty_microblaze_01_wrapper_2/microblaze_0/standalone_domain/bsp/system.mss|system_0||

TRACE::2019-11-21.21:16:33::SCWMssOS::Sw design exists and opened at  C:/Vivado/projects/CSCI460/vitis_workspace/arty_microblaze_01_wrapper_2/microblaze_0/standalone_domain/bsp/system.mss
TRACE::2019-11-21.21:16:33::SCWWriter::formatted JSON is {
	"platformName":	"arty_microblaze_01_wrapper_2",
	"sprVersion":	"2.0",
	"mode":	"gui",
	"dsaType":	"Fixed",
	"platformDesc":	"arty_microblaze_01_wrapper_2",
	"platHandOff":	"C:/Vivado/projects/CSCI460/arty_microblaze_01_wrapper.xsa",
	"platIntHandOff":	"<platformDir>/hw/arty_microblaze_01_wrapper.xsa",
	"deviceType":	"FPGA",
	"platIsPrebuiltAutogen":	"false",
	"platIsNoBootBsp":	"false",
	"hasFsblMakeHasChanges":	"false",
	"hasPmufwMakeHasChanges":	"false",
	"platPreBuiltFlag":	false,
	"platformSamplesDir":	"",
	"platActiveSys":	"arty_microblaze_01_wrapper_2",
	"systems":	[{
			"systemName":	"arty_microblaze_01_wrapper_2",
			"systemDesc":	"arty_microblaze_01_wrapper_2",
			"sysIsBootAutoGen":	"true",
			"systemDispName":	"arty_microblaze_01_wrapper_2",
			"sysActiveDom":	"standalone_domain",
			"sysDefaultDom":	"standalone_domain",
			"domains":	[{
					"domainName":	"standalone_domain",
					"domainDispName":	"standalone on microblaze_0",
					"domainDesc":	"standalone_domain",
					"processors":	"microblaze_0",
					"os":	"standalone",
					"sdxOs":	"standalone",
					"debugEnable":	"False",
					"domRuntimes":	["cpp"],
					"swRepo":	"",
					"mssOsVer":	"7.1",
					"mssFile":	"",
					"md5Digest":	"817b355bba91095af7faac8e16738c4f",
					"compatibleApp":	"lwip_echo_server",
					"domType":	"mssDomain",
					"arch":	"32-bit",
					"appSettings":	{
						"appCompilerFlags":	"",
						"appLinkerFlags":	""
					},
					"addedLibs":	["lwip211:1.1"],
					"libOptions":	{
						"lwip211":	{
							"dhcp_does_arp_check":	"true",
							"lwip_dhcp":	"true",
							"pbuf_pool_size":	"2048",
							"libOptionNames":	["dhcp_does_arp_check", "lwip_dhcp", "pbuf_pool_size"]
						},
						"libsContainingOptions":	["lwip211"]
					},
					"prebuiltLibs":	{
						"prebuiltIncPath":	[],
						"prebuiltLibPath":	[]
					},
					"isolation":	{
					}
				}]
		}]
}
KEYINFO::2019-11-21.21:16:33::SCWPlatform::updated the xpfm file.
LOG::2019-11-21.21:18:15::SCWPlatform::Started generating the artifacts platform arty_microblaze_01_wrapper_2
TRACE::2019-11-21.21:18:15::SCWPlatform::Sanity checking of platform is completed
LOG::2019-11-21.21:18:15::SCWPlatform::Started generating the artifacts for system configuration arty_microblaze_01_wrapper_2
LOG::2019-11-21.21:18:15::SCWSystem::Checking the domain standalone_domain
LOG::2019-11-21.21:18:15::SCWSystem::Not a boot domain 
LOG::2019-11-21.21:18:15::SCWSystem::Started Processing the domain standalone_domain
TRACE::2019-11-21.21:18:15::SCWDomain::Generating domain artifcats
TRACE::2019-11-21.21:18:15::SCWMssOS::Generating standalone artifcats
TRACE::2019-11-21.21:18:15::SCWMssOS:: Copying the user libraries. 
TRACE::2019-11-21.21:18:15::SCWPlatform::Trying to open the hw design at C:/Vivado/projects/CSCI460/vitis_workspace/arty_microblaze_01_wrapper_2/hw/arty_microblaze_01_wrapper.xsa
TRACE::2019-11-21.21:18:15::SCWPlatform::DSA given C:/Vivado/projects/CSCI460/vitis_workspace/arty_microblaze_01_wrapper_2/hw/arty_microblaze_01_wrapper.xsa
TRACE::2019-11-21.21:18:15::SCWPlatform::DSA absoulate path C:/Vivado/projects/CSCI460/vitis_workspace/arty_microblaze_01_wrapper_2/hw/arty_microblaze_01_wrapper.xsa
TRACE::2019-11-21.21:18:15::SCWPlatform::DSA directory C:/Vivado/projects/CSCI460/vitis_workspace/arty_microblaze_01_wrapper_2/hw
TRACE::2019-11-21.21:18:15::SCWPlatform:: Platform Path C:/Vivado/projects/CSCI460/vitis_workspace/arty_microblaze_01_wrapper_2/hw/arty_microblaze_01_wrapper.xsa
TRACE::2019-11-21.21:18:15::SCWPlatform:: Unique name xilinx:arty-a7-35::0.0
TRACE::2019-11-21.21:18:15::SCWPlatform::Trying to set the existing hwdb with name arty_microblaze_01_wrapper_4
TRACE::2019-11-21.21:18:15::SCWPlatform::Opened existing hwdb arty_microblaze_01_wrapper_4
TRACE::2019-11-21.21:18:15::SCWPlatform::Found the Hw Db part of the input DSA
TRACE::2019-11-21.21:18:15::SCWMssOS::Checking the sw design at  C:/Vivado/projects/CSCI460/vitis_workspace/arty_microblaze_01_wrapper_2/microblaze_0/standalone_domain/bsp/system.mss
TRACE::2019-11-21.21:18:15::SCWMssOS::DEBUG:  swdes dump  C:/Vivado/projects/CSCI460/vitis_workspace/arty_microblaze_01_wrapper_1/microblaze_0/standalone_domain/bsp/system.mss|system||
C:/Vivado/projects/CSCI460/vitis_workspace/arty_microblaze_01_wrapper_2/microblaze_0/standalone_domain/bsp/system.mss|system_0||

TRACE::2019-11-21.21:18:15::SCWMssOS::Sw design exists and opened at  C:/Vivado/projects/CSCI460/vitis_workspace/arty_microblaze_01_wrapper_2/microblaze_0/standalone_domain/bsp/system.mss
TRACE::2019-11-21.21:18:15::SCWMssOS::Completed writing the mss file at C:/Vivado/projects/CSCI460/vitis_workspace/arty_microblaze_01_wrapper_2/microblaze_0/standalone_domain/bsp
TRACE::2019-11-21.21:18:15::SCWMssOS::Mss edits present, copying mssfile into export location C:/Vivado/projects/CSCI460/vitis_workspace/arty_microblaze_01_wrapper_2/microblaze_0/standalone_domain/bsp/system.mss
TRACE::2019-11-21.21:18:15::SCWMssOS::bsp generated is upto date with the mss file. Skipping bsp generation.
TRACE::2019-11-21.21:18:15::SCWMssOS::BSP is already built. skipping the bsp build ... 
TRACE::2019-11-21.21:18:15::SCWDomain::Building the domain as part of full build :  standalone_domain
TRACE::2019-11-21.21:18:15::SCWMssOS::doing bsp build ... 
TRACE::2019-11-21.21:18:15::SCWMssOS::System Command Ran  C: & cd  C:/Vivado/projects/CSCI460/vitis_workspace/arty_microblaze_01_wrapper_2/microblaze_0/standalone_domain/bsp & make 
TRACE::2019-11-21.21:18:15::SCWMssOS::"Running Make include in microblaze_0/libsrc/bram_v4_3/src"

TRACE::2019-11-21.21:18:15::SCWMssOS::make -C microblaze_0/libsrc/bram_v4_3/src -s include  "SHELL=CMD" "COMPILER=mb-gcc" "ASSEMBLER=mb-as" "ARCHIVER=mb-ar" "COMPILE
TRACE::2019-11-21.21:18:15::SCWMssOS::R_FLAGS=  -O2 -c -mcpu=v11.0 -mlittle-endian -mxl-soft-mul" "EXTRA_COMPILER_FLAGS=-g -ffunction-sections -fdata-sections -Wall 
TRACE::2019-11-21.21:18:15::SCWMssOS::-Wextra"

TRACE::2019-11-21.21:18:15::SCWMssOS::"Running Make include in microblaze_0/libsrc/cpu_v2_10/src"

TRACE::2019-11-21.21:18:15::SCWMssOS::make -C microblaze_0/libsrc/cpu_v2_10/src -s include  "SHELL=CMD" "COMPILER=mb-gcc" "ASSEMBLER=mb-as" "ARCHIVER=mb-ar" "COMPILE
TRACE::2019-11-21.21:18:15::SCWMssOS::R_FLAGS=  -O2 -c -mcpu=v11.0 -mlittle-endian -mxl-soft-mul" "EXTRA_COMPILER_FLAGS=-g -ffunction-sections -fdata-sections -Wall 
TRACE::2019-11-21.21:18:15::SCWMssOS::-Wextra"

TRACE::2019-11-21.21:18:15::SCWMssOS::"Running Make include in microblaze_0/libsrc/emaclite_v4_4/src"

TRACE::2019-11-21.21:18:15::SCWMssOS::make -C microblaze_0/libsrc/emaclite_v4_4/src -s include  "SHELL=CMD" "COMPILER=mb-gcc" "ASSEMBLER=mb-as" "ARCHIVER=mb-ar" "COM
TRACE::2019-11-21.21:18:15::SCWMssOS::PILER_FLAGS=  -O2 -c -mcpu=v11.0 -mlittle-endian -mxl-soft-mul" "EXTRA_COMPILER_FLAGS=-g -ffunction-sections -fdata-sections -W
TRACE::2019-11-21.21:18:15::SCWMssOS::all -Wextra"

TRACE::2019-11-21.21:18:16::SCWMssOS::"Running Make include in microblaze_0/libsrc/gpio_v4_5/src"

TRACE::2019-11-21.21:18:16::SCWMssOS::make -C microblaze_0/libsrc/gpio_v4_5/src -s include  "SHELL=CMD" "COMPILER=mb-gcc" "ASSEMBLER=mb-as" "ARCHIVER=mb-ar" "COMPILE
TRACE::2019-11-21.21:18:16::SCWMssOS::R_FLAGS=  -O2 -c -mcpu=v11.0 -mlittle-endian -mxl-soft-mul" "EXTRA_COMPILER_FLAGS=-g -ffunction-sections -fdata-sections -Wall 
TRACE::2019-11-21.21:18:16::SCWMssOS::-Wextra"

TRACE::2019-11-21.21:18:16::SCWMssOS::"Running Make include in microblaze_0/libsrc/intc_v3_10/src"

TRACE::2019-11-21.21:18:16::SCWMssOS::make -C microblaze_0/libsrc/intc_v3_10/src -s include  "SHELL=CMD" "COMPILER=mb-gcc" "ASSEMBLER=mb-as" "ARCHIVER=mb-ar" "COMPIL
TRACE::2019-11-21.21:18:16::SCWMssOS::ER_FLAGS=  -O2 -c -mcpu=v11.0 -mlittle-endian -mxl-soft-mul" "EXTRA_COMPILER_FLAGS=-g -ffunction-sections -fdata-sections -Wall
TRACE::2019-11-21.21:18:16::SCWMssOS:: -Wextra"

TRACE::2019-11-21.21:18:16::SCWMssOS::"Running Make include in microblaze_0/libsrc/lwip211_v1_1/src"

TRACE::2019-11-21.21:18:16::SCWMssOS::make -C microblaze_0/libsrc/lwip211_v1_1/src -s include  "SHELL=CMD" "COMPILER=mb-gcc" "ASSEMBLER=mb-as" "ARCHIVER=mb-ar" "COMP
TRACE::2019-11-21.21:18:16::SCWMssOS::ILER_FLAGS=  -O2 -c -mcpu=v11.0 -mlittle-endian -mxl-soft-mul" "EXTRA_COMPILER_FLAGS=-g -ffunction-sections -fdata-sections -Wa
TRACE::2019-11-21.21:18:16::SCWMssOS::ll -Wextra"

TRACE::2019-11-21.21:18:16::SCWMssOS::"Running Make include in microblaze_0/libsrc/spi_v4_5/src"

TRACE::2019-11-21.21:18:16::SCWMssOS::make -C microblaze_0/libsrc/spi_v4_5/src -s include  "SHELL=CMD" "COMPILER=mb-gcc" "ASSEMBLER=mb-as" "ARCHIVER=mb-ar" "COMPILER
TRACE::2019-11-21.21:18:16::SCWMssOS::_FLAGS=  -O2 -c -mcpu=v11.0 -mlittle-endian -mxl-soft-mul" "EXTRA_COMPILER_FLAGS=-g -ffunction-sections -fdata-sections -Wall -
TRACE::2019-11-21.21:18:16::SCWMssOS::Wextra"

TRACE::2019-11-21.21:18:16::SCWMssOS::"Running Make include in microblaze_0/libsrc/standalone_v7_1/src"

TRACE::2019-11-21.21:18:16::SCWMssOS::make -C microblaze_0/libsrc/standalone_v7_1/src -s include  "SHELL=CMD" "COMPILER=mb-gcc" "ASSEMBLER=mb-as" "ARCHIVER=mb-ar" "C
TRACE::2019-11-21.21:18:16::SCWMssOS::OMPILER_FLAGS=  -O2 -c -mcpu=v11.0 -mlittle-endian -mxl-soft-mul" "EXTRA_COMPILER_FLAGS=-g -ffunction-sections -fdata-sections 
TRACE::2019-11-21.21:18:16::SCWMssOS::-Wall -Wextra"

TRACE::2019-11-21.21:18:17::SCWMssOS::"Running Make include in microblaze_0/libsrc/tmrctr_v4_5/src"

TRACE::2019-11-21.21:18:17::SCWMssOS::make -C microblaze_0/libsrc/tmrctr_v4_5/src -s include  "SHELL=CMD" "COMPILER=mb-gcc" "ASSEMBLER=mb-as" "ARCHIVER=mb-ar" "COMPI
TRACE::2019-11-21.21:18:17::SCWMssOS::LER_FLAGS=  -O2 -c -mcpu=v11.0 -mlittle-endian -mxl-soft-mul" "EXTRA_COMPILER_FLAGS=-g -ffunction-sections -fdata-sections -Wal
TRACE::2019-11-21.21:18:17::SCWMssOS::l -Wextra"

TRACE::2019-11-21.21:18:17::SCWMssOS::"Running Make include in microblaze_0/libsrc/uartlite_v3_3/src"

TRACE::2019-11-21.21:18:17::SCWMssOS::make -C microblaze_0/libsrc/uartlite_v3_3/src -s include  "SHELL=CMD" "COMPILER=mb-gcc" "ASSEMBLER=mb-as" "ARCHIVER=mb-ar" "COM
TRACE::2019-11-21.21:18:17::SCWMssOS::PILER_FLAGS=  -O2 -c -mcpu=v11.0 -mlittle-endian -mxl-soft-mul" "EXTRA_COMPILER_FLAGS=-g -ffunction-sections -fdata-sections -W
TRACE::2019-11-21.21:18:17::SCWMssOS::all -Wextra"

TRACE::2019-11-21.21:18:17::SCWMssOS::"Running Make libs in microblaze_0/libsrc/bram_v4_3/src"

TRACE::2019-11-21.21:18:17::SCWMssOS::make -C microblaze_0/libsrc/bram_v4_3/src -s libs  "SHELL=CMD" "COMPILER=mb-gcc" "ASSEMBLER=mb-as" "ARCHIVER=mb-ar" "COMPILER_F
TRACE::2019-11-21.21:18:17::SCWMssOS::LAGS=  -O2 -c -mcpu=v11.0 -mlittle-endian -mxl-soft-mul" "EXTRA_COMPILER_FLAGS=-g -ffunction-sections -fdata-sections -Wall -We
TRACE::2019-11-21.21:18:17::SCWMssOS::xtra"

TRACE::2019-11-21.21:18:17::SCWMssOS::"Compiling bram"

TRACE::2019-11-21.21:18:18::SCWMssOS::"Running Make libs in microblaze_0/libsrc/cpu_v2_10/src"

TRACE::2019-11-21.21:18:18::SCWMssOS::make -C microblaze_0/libsrc/cpu_v2_10/src -s libs  "SHELL=CMD" "COMPILER=mb-gcc" "ASSEMBLER=mb-as" "ARCHIVER=mb-ar" "COMPILER_F
TRACE::2019-11-21.21:18:18::SCWMssOS::LAGS=  -O2 -c -mcpu=v11.0 -mlittle-endian -mxl-soft-mul" "EXTRA_COMPILER_FLAGS=-g -ffunction-sections -fdata-sections -Wall -We
TRACE::2019-11-21.21:18:18::SCWMssOS::xtra"

TRACE::2019-11-21.21:18:18::SCWMssOS::"Compiling cpu"

TRACE::2019-11-21.21:18:18::SCWMssOS::"Running Make libs in microblaze_0/libsrc/emaclite_v4_4/src"

TRACE::2019-11-21.21:18:18::SCWMssOS::make -C microblaze_0/libsrc/emaclite_v4_4/src -s libs  "SHELL=CMD" "COMPILER=mb-gcc" "ASSEMBLER=mb-as" "ARCHIVER=mb-ar" "COMPIL
TRACE::2019-11-21.21:18:18::SCWMssOS::ER_FLAGS=  -O2 -c -mcpu=v11.0 -mlittle-endian -mxl-soft-mul" "EXTRA_COMPILER_FLAGS=-g -ffunction-sections -fdata-sections -Wall
TRACE::2019-11-21.21:18:18::SCWMssOS:: -Wextra"

TRACE::2019-11-21.21:18:18::SCWMssOS::"Compiling emaclite"

TRACE::2019-11-21.21:18:19::SCWMssOS::"Running Make libs in microblaze_0/libsrc/gpio_v4_5/src"

TRACE::2019-11-21.21:18:19::SCWMssOS::make -C microblaze_0/libsrc/gpio_v4_5/src -s libs  "SHELL=CMD" "COMPILER=mb-gcc" "ASSEMBLER=mb-as" "ARCHIVER=mb-ar" "COMPILER_F
TRACE::2019-11-21.21:18:19::SCWMssOS::LAGS=  -O2 -c -mcpu=v11.0 -mlittle-endian -mxl-soft-mul" "EXTRA_COMPILER_FLAGS=-g -ffunction-sections -fdata-sections -Wall -We
TRACE::2019-11-21.21:18:19::SCWMssOS::xtra"

TRACE::2019-11-21.21:18:19::SCWMssOS::"Compiling gpio"

TRACE::2019-11-21.21:18:20::SCWMssOS::"Running Make libs in microblaze_0/libsrc/intc_v3_10/src"

TRACE::2019-11-21.21:18:20::SCWMssOS::make -C microblaze_0/libsrc/intc_v3_10/src -s libs  "SHELL=CMD" "COMPILER=mb-gcc" "ASSEMBLER=mb-as" "ARCHIVER=mb-ar" "COMPILER_
TRACE::2019-11-21.21:18:20::SCWMssOS::FLAGS=  -O2 -c -mcpu=v11.0 -mlittle-endian -mxl-soft-mul" "EXTRA_COMPILER_FLAGS=-g -ffunction-sections -fdata-sections -Wall -W
TRACE::2019-11-21.21:18:20::SCWMssOS::extra"

TRACE::2019-11-21.21:18:20::SCWMssOS::"Compiling intc"

TRACE::2019-11-21.21:18:21::SCWMssOS::"Running Make libs in microblaze_0/libsrc/lwip211_v1_1/src"

TRACE::2019-11-21.21:18:21::SCWMssOS::make -C microblaze_0/libsrc/lwip211_v1_1/src -s libs  "SHELL=CMD" "COMPILER=mb-gcc" "ASSEMBLER=mb-as" "ARCHIVER=mb-ar" "COMPILE
TRACE::2019-11-21.21:18:21::SCWMssOS::R_FLAGS=  -O2 -c -mcpu=v11.0 -mlittle-endian -mxl-soft-mul" "EXTRA_COMPILER_FLAGS=-g -ffunction-sections -fdata-sections -Wall 
TRACE::2019-11-21.21:18:21::SCWMssOS::-Wextra"

TRACE::2019-11-21.21:18:21::SCWMssOS::"Compiling lwip src and adapter files"

TRACE::2019-11-21.21:18:30::SCWMssOS::"Running Make libs in microblaze_0/libsrc/spi_v4_5/src"

TRACE::2019-11-21.21:18:30::SCWMssOS::make -C microblaze_0/libsrc/spi_v4_5/src -s libs  "SHELL=CMD" "COMPILER=mb-gcc" "ASSEMBLER=mb-as" "ARCHIVER=mb-ar" "COMPILER_FL
TRACE::2019-11-21.21:18:30::SCWMssOS::AGS=  -O2 -c -mcpu=v11.0 -mlittle-endian -mxl-soft-mul" "EXTRA_COMPILER_FLAGS=-g -ffunction-sections -fdata-sections -Wall -Wex
TRACE::2019-11-21.21:18:30::SCWMssOS::tra"

TRACE::2019-11-21.21:18:30::SCWMssOS::"Compiling spi"

TRACE::2019-11-21.21:18:31::SCWMssOS::"Running Make libs in microblaze_0/libsrc/standalone_v7_1/src"

TRACE::2019-11-21.21:18:31::SCWMssOS::make -C microblaze_0/libsrc/standalone_v7_1/src -s libs  "SHELL=CMD" "COMPILER=mb-gcc" "ASSEMBLER=mb-as" "ARCHIVER=mb-ar" "COMP
TRACE::2019-11-21.21:18:31::SCWMssOS::ILER_FLAGS=  -O2 -c -mcpu=v11.0 -mlittle-endian -mxl-soft-mul" "EXTRA_COMPILER_FLAGS=-g -ffunction-sections -fdata-sections -Wa
TRACE::2019-11-21.21:18:31::SCWMssOS::ll -Wextra"

TRACE::2019-11-21.21:18:31::SCWMssOS::"Compiling standalone";

TRACE::2019-11-21.21:18:37::SCWMssOS::"Running Make libs in microblaze_0/libsrc/tmrctr_v4_5/src"

TRACE::2019-11-21.21:18:37::SCWMssOS::make -C microblaze_0/libsrc/tmrctr_v4_5/src -s libs  "SHELL=CMD" "COMPILER=mb-gcc" "ASSEMBLER=mb-as" "ARCHIVER=mb-ar" "COMPILER
TRACE::2019-11-21.21:18:37::SCWMssOS::_FLAGS=  -O2 -c -mcpu=v11.0 -mlittle-endian -mxl-soft-mul" "EXTRA_COMPILER_FLAGS=-g -ffunction-sections -fdata-sections -Wall -
TRACE::2019-11-21.21:18:37::SCWMssOS::Wextra"

TRACE::2019-11-21.21:18:37::SCWMssOS::"Compiling tmrctr"

TRACE::2019-11-21.21:18:38::SCWMssOS::"Running Make libs in microblaze_0/libsrc/uartlite_v3_3/src"

TRACE::2019-11-21.21:18:38::SCWMssOS::make -C microblaze_0/libsrc/uartlite_v3_3/src -s libs  "SHELL=CMD" "COMPILER=mb-gcc" "ASSEMBLER=mb-as" "ARCHIVER=mb-ar" "COMPIL
TRACE::2019-11-21.21:18:38::SCWMssOS::ER_FLAGS=  -O2 -c -mcpu=v11.0 -mlittle-endian -mxl-soft-mul" "EXTRA_COMPILER_FLAGS=-g -ffunction-sections -fdata-sections -Wall
TRACE::2019-11-21.21:18:38::SCWMssOS:: -Wextra"

TRACE::2019-11-21.21:18:38::SCWMssOS::"Compiling uartlite"

TRACE::2019-11-21.21:18:39::SCWMssOS::'Finished building libraries'

TRACE::2019-11-21.21:18:39::SCWMssOS::Copying to export directory.
TRACE::2019-11-21.21:18:39::SCWMssOS:: Checking if to create the Supporting Applications
TRACE::2019-11-21.21:18:39::SCWMssOS:: No Linux domain exists, trying to generate FSBL 
LOG::2019-11-21.21:18:39::SCWSystem::Completed Processing the domain standalone_domain
LOG::2019-11-21.21:18:39::SCWSystem::Completed Processing the sysconfig arty_microblaze_01_wrapper_2
LOG::2019-11-21.21:18:39::SCWPlatform::Completed generating the artifacts for system configuration arty_microblaze_01_wrapper_2
TRACE::2019-11-21.21:18:39::SCWPlatform::Started preparing the platform 
TRACE::2019-11-21.21:18:39::SCWSystem::Writing the bif file for system config arty_microblaze_01_wrapper_2
TRACE::2019-11-21.21:18:39::SCWSystem::dir created 
TRACE::2019-11-21.21:18:39::SCWSystem::Writing the bif 
TRACE::2019-11-21.21:18:39::SCWPlatform::Started writing the spfm file 
TRACE::2019-11-21.21:18:39::SCWPlatform::Started writing the xpfm file 
TRACE::2019-11-21.21:18:39::SCWPlatform::Completed generating the platform
TRACE::2019-11-21.21:18:39::SCWPlatform::Trying to open the hw design at C:/Vivado/projects/CSCI460/vitis_workspace/arty_microblaze_01_wrapper_2/hw/arty_microblaze_01_wrapper.xsa
TRACE::2019-11-21.21:18:39::SCWPlatform::DSA given C:/Vivado/projects/CSCI460/vitis_workspace/arty_microblaze_01_wrapper_2/hw/arty_microblaze_01_wrapper.xsa
TRACE::2019-11-21.21:18:39::SCWPlatform::DSA absoulate path C:/Vivado/projects/CSCI460/vitis_workspace/arty_microblaze_01_wrapper_2/hw/arty_microblaze_01_wrapper.xsa
TRACE::2019-11-21.21:18:39::SCWPlatform::DSA directory C:/Vivado/projects/CSCI460/vitis_workspace/arty_microblaze_01_wrapper_2/hw
TRACE::2019-11-21.21:18:39::SCWPlatform:: Platform Path C:/Vivado/projects/CSCI460/vitis_workspace/arty_microblaze_01_wrapper_2/hw/arty_microblaze_01_wrapper.xsa
TRACE::2019-11-21.21:18:39::SCWPlatform:: Unique name xilinx:arty-a7-35::0.0
TRACE::2019-11-21.21:18:39::SCWPlatform::Trying to set the existing hwdb with name arty_microblaze_01_wrapper_4
TRACE::2019-11-21.21:18:39::SCWPlatform::Opened existing hwdb arty_microblaze_01_wrapper_4
TRACE::2019-11-21.21:18:39::SCWPlatform::Found the Hw Db part of the input DSA
TRACE::2019-11-21.21:18:39::SCWMssOS::Checking the sw design at  C:/Vivado/projects/CSCI460/vitis_workspace/arty_microblaze_01_wrapper_2/microblaze_0/standalone_domain/bsp/system.mss
TRACE::2019-11-21.21:18:39::SCWMssOS::DEBUG:  swdes dump  C:/Vivado/projects/CSCI460/vitis_workspace/arty_microblaze_01_wrapper_1/microblaze_0/standalone_domain/bsp/system.mss|system||
C:/Vivado/projects/CSCI460/vitis_workspace/arty_microblaze_01_wrapper_2/microblaze_0/standalone_domain/bsp/system.mss|system_0||

TRACE::2019-11-21.21:18:39::SCWMssOS::Sw design exists and opened at  C:/Vivado/projects/CSCI460/vitis_workspace/arty_microblaze_01_wrapper_2/microblaze_0/standalone_domain/bsp/system.mss
TRACE::2019-11-21.21:18:39::SCWPlatform::Trying to open the hw design at C:/Vivado/projects/CSCI460/vitis_workspace/arty_microblaze_01_wrapper_2/hw/arty_microblaze_01_wrapper.xsa
TRACE::2019-11-21.21:18:39::SCWPlatform::DSA given C:/Vivado/projects/CSCI460/vitis_workspace/arty_microblaze_01_wrapper_2/hw/arty_microblaze_01_wrapper.xsa
TRACE::2019-11-21.21:18:39::SCWPlatform::DSA absoulate path C:/Vivado/projects/CSCI460/vitis_workspace/arty_microblaze_01_wrapper_2/hw/arty_microblaze_01_wrapper.xsa
TRACE::2019-11-21.21:18:39::SCWPlatform::DSA directory C:/Vivado/projects/CSCI460/vitis_workspace/arty_microblaze_01_wrapper_2/hw
TRACE::2019-11-21.21:18:39::SCWPlatform:: Platform Path C:/Vivado/projects/CSCI460/vitis_workspace/arty_microblaze_01_wrapper_2/hw/arty_microblaze_01_wrapper.xsa
TRACE::2019-11-21.21:18:39::SCWPlatform:: Unique name xilinx:arty-a7-35::0.0
TRACE::2019-11-21.21:18:39::SCWPlatform::Trying to set the existing hwdb with name arty_microblaze_01_wrapper_4
TRACE::2019-11-21.21:18:39::SCWPlatform::Opened existing hwdb arty_microblaze_01_wrapper_4
TRACE::2019-11-21.21:18:39::SCWPlatform::Found the Hw Db part of the input DSA
TRACE::2019-11-21.21:18:39::SCWMssOS::Checking the sw design at  C:/Vivado/projects/CSCI460/vitis_workspace/arty_microblaze_01_wrapper_2/microblaze_0/standalone_domain/bsp/system.mss
TRACE::2019-11-21.21:18:39::SCWMssOS::DEBUG:  swdes dump  C:/Vivado/projects/CSCI460/vitis_workspace/arty_microblaze_01_wrapper_1/microblaze_0/standalone_domain/bsp/system.mss|system||
C:/Vivado/projects/CSCI460/vitis_workspace/arty_microblaze_01_wrapper_2/microblaze_0/standalone_domain/bsp/system.mss|system_0||

TRACE::2019-11-21.21:18:39::SCWMssOS::Sw design exists and opened at  C:/Vivado/projects/CSCI460/vitis_workspace/arty_microblaze_01_wrapper_2/microblaze_0/standalone_domain/bsp/system.mss
TRACE::2019-11-21.21:18:39::SCWPlatform::Trying to open the hw design at C:/Vivado/projects/CSCI460/vitis_workspace/arty_microblaze_01_wrapper_2/hw/arty_microblaze_01_wrapper.xsa
TRACE::2019-11-21.21:18:39::SCWPlatform::DSA given C:/Vivado/projects/CSCI460/vitis_workspace/arty_microblaze_01_wrapper_2/hw/arty_microblaze_01_wrapper.xsa
TRACE::2019-11-21.21:18:39::SCWPlatform::DSA absoulate path C:/Vivado/projects/CSCI460/vitis_workspace/arty_microblaze_01_wrapper_2/hw/arty_microblaze_01_wrapper.xsa
TRACE::2019-11-21.21:18:39::SCWPlatform::DSA directory C:/Vivado/projects/CSCI460/vitis_workspace/arty_microblaze_01_wrapper_2/hw
TRACE::2019-11-21.21:18:39::SCWPlatform:: Platform Path C:/Vivado/projects/CSCI460/vitis_workspace/arty_microblaze_01_wrapper_2/hw/arty_microblaze_01_wrapper.xsa
TRACE::2019-11-21.21:18:39::SCWPlatform:: Unique name xilinx:arty-a7-35::0.0
TRACE::2019-11-21.21:18:39::SCWPlatform::Trying to set the existing hwdb with name arty_microblaze_01_wrapper_4
TRACE::2019-11-21.21:18:39::SCWPlatform::Opened existing hwdb arty_microblaze_01_wrapper_4
TRACE::2019-11-21.21:18:39::SCWPlatform::Found the Hw Db part of the input DSA
TRACE::2019-11-21.21:18:39::SCWMssOS::Checking the sw design at  C:/Vivado/projects/CSCI460/vitis_workspace/arty_microblaze_01_wrapper_2/microblaze_0/standalone_domain/bsp/system.mss
TRACE::2019-11-21.21:18:39::SCWMssOS::DEBUG:  swdes dump  C:/Vivado/projects/CSCI460/vitis_workspace/arty_microblaze_01_wrapper_1/microblaze_0/standalone_domain/bsp/system.mss|system||
C:/Vivado/projects/CSCI460/vitis_workspace/arty_microblaze_01_wrapper_2/microblaze_0/standalone_domain/bsp/system.mss|system_0||

TRACE::2019-11-21.21:18:39::SCWMssOS::Sw design exists and opened at  C:/Vivado/projects/CSCI460/vitis_workspace/arty_microblaze_01_wrapper_2/microblaze_0/standalone_domain/bsp/system.mss
TRACE::2019-11-21.21:18:39::SCWWriter::formatted JSON is {
	"platformName":	"arty_microblaze_01_wrapper_2",
	"sprVersion":	"2.0",
	"mode":	"gui",
	"dsaType":	"Fixed",
	"platformDesc":	"arty_microblaze_01_wrapper_2",
	"platHandOff":	"C:/Vivado/projects/CSCI460/arty_microblaze_01_wrapper.xsa",
	"platIntHandOff":	"<platformDir>/hw/arty_microblaze_01_wrapper.xsa",
	"deviceType":	"FPGA",
	"platIsPrebuiltAutogen":	"false",
	"platIsNoBootBsp":	"false",
	"hasFsblMakeHasChanges":	"false",
	"hasPmufwMakeHasChanges":	"false",
	"platPreBuiltFlag":	false,
	"platformSamplesDir":	"",
	"platActiveSys":	"arty_microblaze_01_wrapper_2",
	"systems":	[{
			"systemName":	"arty_microblaze_01_wrapper_2",
			"systemDesc":	"arty_microblaze_01_wrapper_2",
			"sysIsBootAutoGen":	"true",
			"systemDispName":	"arty_microblaze_01_wrapper_2",
			"sysActiveDom":	"standalone_domain",
			"sysDefaultDom":	"standalone_domain",
			"domains":	[{
					"domainName":	"standalone_domain",
					"domainDispName":	"standalone on microblaze_0",
					"domainDesc":	"standalone_domain",
					"processors":	"microblaze_0",
					"os":	"standalone",
					"sdxOs":	"standalone",
					"debugEnable":	"False",
					"domRuntimes":	["cpp"],
					"swRepo":	"",
					"mssOsVer":	"7.1",
					"mssFile":	"",
					"md5Digest":	"817b355bba91095af7faac8e16738c4f",
					"compatibleApp":	"lwip_echo_server",
					"domType":	"mssDomain",
					"arch":	"32-bit",
					"appSettings":	{
						"appCompilerFlags":	"",
						"appLinkerFlags":	""
					},
					"addedLibs":	["lwip211:1.1"],
					"libOptions":	{
						"lwip211":	{
							"dhcp_does_arp_check":	"true",
							"lwip_dhcp":	"true",
							"pbuf_pool_size":	"2048",
							"libOptionNames":	["dhcp_does_arp_check", "lwip_dhcp", "pbuf_pool_size"]
						},
						"libsContainingOptions":	["lwip211"]
					},
					"prebuiltLibs":	{
						"prebuiltIncPath":	[],
						"prebuiltLibPath":	[]
					},
					"isolation":	{
					}
				}]
		}]
}
KEYINFO::2019-11-21.21:18:39::SCWPlatform::updated the xpfm file.
TRACE::2019-11-21.21:18:40::SCWPlatform::Trying to open the hw design at C:/Vivado/projects/CSCI460/vitis_workspace/arty_microblaze_01_wrapper_2/hw/arty_microblaze_01_wrapper.xsa
TRACE::2019-11-21.21:18:40::SCWPlatform::DSA given C:/Vivado/projects/CSCI460/vitis_workspace/arty_microblaze_01_wrapper_2/hw/arty_microblaze_01_wrapper.xsa
TRACE::2019-11-21.21:18:40::SCWPlatform::DSA absoulate path C:/Vivado/projects/CSCI460/vitis_workspace/arty_microblaze_01_wrapper_2/hw/arty_microblaze_01_wrapper.xsa
TRACE::2019-11-21.21:18:40::SCWPlatform::DSA directory C:/Vivado/projects/CSCI460/vitis_workspace/arty_microblaze_01_wrapper_2/hw
TRACE::2019-11-21.21:18:40::SCWPlatform:: Platform Path C:/Vivado/projects/CSCI460/vitis_workspace/arty_microblaze_01_wrapper_2/hw/arty_microblaze_01_wrapper.xsa
TRACE::2019-11-21.21:18:40::SCWPlatform:: Unique name xilinx:arty-a7-35::0.0
TRACE::2019-11-21.21:18:40::SCWPlatform::Trying to set the existing hwdb with name arty_microblaze_01_wrapper_4
TRACE::2019-11-21.21:18:40::SCWPlatform::Opened existing hwdb arty_microblaze_01_wrapper_4
TRACE::2019-11-21.21:18:40::SCWPlatform::Found the Hw Db part of the input DSA
TRACE::2019-11-21.21:18:40::SCWMssOS::Checking the sw design at  C:/Vivado/projects/CSCI460/vitis_workspace/arty_microblaze_01_wrapper_2/microblaze_0/standalone_domain/bsp/system.mss
TRACE::2019-11-21.21:18:40::SCWMssOS::DEBUG:  swdes dump  C:/Vivado/projects/CSCI460/vitis_workspace/arty_microblaze_01_wrapper_1/microblaze_0/standalone_domain/bsp/system.mss|system||
C:/Vivado/projects/CSCI460/vitis_workspace/arty_microblaze_01_wrapper_2/microblaze_0/standalone_domain/bsp/system.mss|system_0||

TRACE::2019-11-21.21:18:40::SCWMssOS::Sw design exists and opened at  C:/Vivado/projects/CSCI460/vitis_workspace/arty_microblaze_01_wrapper_2/microblaze_0/standalone_domain/bsp/system.mss
